<?xml version="1.0" encoding="UTF-8"?>
<!-- Generated by org.testng.reporters.JUnitXMLReporter -->
<testsuite ignored="0" hostname="MAC" failures="0" tests="5" name="ExchangeApp Test on CHROME" time="166.017" errors="0" timestamp="2023-03-22T15:47:28 IST">
  <testcase classname="com.koinpro.testCases.kycUpdate" name="kycVerification001" time="81.709"/>
  <testcase classname="com.koinpro.testCases.kycUpdate" name="kycVerification002_rejectionInAdmin" time="12.321"/>
  <testcase classname="com.koinpro.testCases.kycUpdate" name="kycVerification003_Re_UploadPan" time="26.497"/>
  <testcase classname="com.koinpro.testCases.kycUpdate" name="kycVerification004_rejectionInAdmin" time="13.273"/>
  <testcase classname="com.koinpro.testCases.kycUpdate" name="kycVerification005_UploadWrongImage" time="21.633"/>
</testsuite> <!-- ExchangeApp Test on CHROME -->
