<?xml version="1.0" encoding="UTF-8"?>
<!-- Generated by org.testng.reporters.JUnitXMLReporter -->
<testsuite ignored="4" hostname="MAC" failures="0" tests="1" name="ExchangeApp Test on CHROME" time="92.233" errors="0" timestamp="2023-03-22T16:08:10 IST">
  <testcase classname="com.koinpro.testCases.kycUpdate" name="kycVerification001" time="89.257"/>
  <testcase classname="com.koinpro.testCases.kycUpdate" name="kycVerification003_Re_UploadPan" time="0.0">
    <ignored/>
  </testcase> <!-- kycVerification003_Re_UploadPan -->
  <testcase classname="com.koinpro.testCases.kycUpdate" name="kycVerification005_UploadWrongImage" time="0.0">
    <ignored/>
  </testcase> <!-- kycVerification005_UploadWrongImage -->
  <testcase classname="com.koinpro.testCases.kycUpdate" name="kycVerification002_rejectionInAdmin" time="0.0">
    <ignored/>
  </testcase> <!-- kycVerification002_rejectionInAdmin -->
  <testcase classname="com.koinpro.testCases.kycUpdate" name="kycVerification004_rejectionInAdmin" time="0.0">
    <ignored/>
  </testcase> <!-- kycVerification004_rejectionInAdmin -->
</testsuite> <!-- ExchangeApp Test on CHROME -->
