<?xml version="1.0" encoding="UTF-8"?>
<!-- Generated by org.testng.reporters.JUnitXMLReporter -->
<testsuite ignored="0" hostname="MAC" failures="0" tests="5" name="ExchangeApp Test on CHROME" time="124.184" errors="0" timestamp="2023-03-22T15:06:23 IST">
  <testcase classname="com.koinpro.testCases.kycUpdate" name="kycVerification001" time="57.722"/>
  <testcase classname="com.koinpro.testCases.kycUpdate" name="kycVerification002_rejectionInAdmin" time="11.385"/>
  <testcase classname="com.koinpro.testCases.kycUpdate" name="kycVerification003_Re_UploadPan" time="20.829"/>
  <testcase classname="com.koinpro.testCases.kycUpdate" name="kycVerification004_rejectionInAdmin" time="11.161"/>
  <testcase classname="com.koinpro.testCases.kycUpdate" name="kycVerification005_UploadWrongImage" time="15.291"/>
</testsuite> <!-- ExchangeApp Test on CHROME -->
