<?xml version="1.0" encoding="UTF-8"?>
<!-- Generated by org.testng.reporters.JUnitXMLReporter -->
<testsuite ignored="0" hostname="MAC" failures="0" tests="3" name="ExchangeApp Test on CHROME" time="94.244" errors="0" timestamp="2023-03-22T11:01:16 IST">
  <testcase classname="com.koinpro.testCases.kycUpdate" name="kycVerification001" time="57.239"/>
  <testcase classname="com.koinpro.testCases.kycUpdate" name="kycVerification002_rejection" time="11.376"/>
  <testcase classname="com.koinpro.testCases.kycUpdate" name="kycVerification003_rejection" time="20.226"/>
</testsuite> <!-- ExchangeApp Test on CHROME -->
