<?xml version="1.0" encoding="UTF-8"?>
<!-- Generated by org.testng.reporters.JUnitXMLReporter -->
<testsuite ignored="4" hostname="MAC" failures="6" tests="17" name="ExchangeApp Test on CHROME" time="268.296" errors="0" timestamp="2023-03-24T15:05:45 IST">
  <testcase classname="com.koinpro.testCases.LoginTest" name="TC_LoginTest_001" time="5.783"/>
  <testcase classname="com.koinpro.testCases.LoginTest" name="TC_LoginTest_002" time="4.341"/>
  <testcase classname="com.koinpro.testCases.LoginTest" name="TC_LoginTest_003" time="4.524"/>
  <testcase classname="com.koinpro.testCases.LoginTest" name="TC_LoginTest_004" time="4.615"/>
  <testcase classname="com.koinpro.testCases.LoginTest" name="TC_LoginTest_005" time="5.201"/>
  <testcase classname="com.koinpro.testCases.LoginTest" name="TC_LoginTest_006" time="4.264"/>
  <testcase classname="com.koinpro.testCases.LoginTest" name="TC_LoginTest_007" time="4.327"/>
  <testcase classname="com.koinpro.testCases.ForgetPasswordTest" name="ForgetPassword_Test001" time="33.779">
    <failure type="org.openqa.selenium.InvalidArgumentException" message="invalid argument: uniqueContextId not found
  (Session info: chrome=111.0.5563.65)
Build info: version: &amp;apos;4.7.1&amp;apos;, revision: &amp;apos;c6795baf1a3&amp;apos;
System info: os.name: &amp;apos;Windows 10&amp;apos;, os.arch: &amp;apos;amd64&amp;apos;, os.version: &amp;apos;10.0&amp;apos;, java.version: &amp;apos;17.0.6&amp;apos;
Driver info: org.openqa.selenium.chrome.ChromeDriver
Command: [19cbed5989160a40bec6f79e481f705e, findElement {using=xpath, value=//a[normalize-space()=&amp;apos;Reset My Password&amp;apos;]}]
Capabilities {acceptInsecureCerts: false, browserName: chrome, browserVersion: 111.0.5563.65, chrome: {chromedriverVersion: 111.0.5563.64 (c710e93d5b63..., userDataDir: C:\Users\MAYANK~1\AppData\L...}, goog:chromeOptions: {debuggerAddress: localhost:59795}, networkConnectionEnabled: false, pageLoadStrategy: normal, platformName: WINDOWS, proxy: Proxy(), se:cdp: ws://localhost:59795/devtoo..., se:cdpVersion: 111.0.5563.65, setWindowRect: true, strictFileInteractability: false, timeouts: {implicit: 0, pageLoad: 300000, script: 30000}, unhandledPromptBehavior: dismiss and notify, webauthn:extension:credBlob: true, webauthn:extension:largeBlob: true, webauthn:extension:minPinLength: true, webauthn:extension:prf: true, webauthn:virtualAuthenticators: true}
Session ID: 19cbed5989160a40bec6f79e481f705e">
      <![CDATA[org.openqa.selenium.InvalidArgumentException: invalid argument: uniqueContextId not found
  (Session info: chrome=111.0.5563.65)
Build info: version: '4.7.1', revision: 'c6795baf1a3'
System info: os.name: 'Windows 10', os.arch: 'amd64', os.version: '10.0', java.version: '17.0.6'
Driver info: org.openqa.selenium.chrome.ChromeDriver
Command: [19cbed5989160a40bec6f79e481f705e, findElement {using=xpath, value=//a[normalize-space()='Reset My Password']}]
Capabilities {acceptInsecureCerts: false, browserName: chrome, browserVersion: 111.0.5563.65, chrome: {chromedriverVersion: 111.0.5563.64 (c710e93d5b63..., userDataDir: C:\Users\MAYANK~1\AppData\L...}, goog:chromeOptions: {debuggerAddress: localhost:59795}, networkConnectionEnabled: false, pageLoadStrategy: normal, platformName: WINDOWS, proxy: Proxy(), se:cdp: ws://localhost:59795/devtoo..., se:cdpVersion: 111.0.5563.65, setWindowRect: true, strictFileInteractability: false, timeouts: {implicit: 0, pageLoad: 300000, script: 30000}, unhandledPromptBehavior: dismiss and notify, webauthn:extension:credBlob: true, webauthn:extension:largeBlob: true, webauthn:extension:minPinLength: true, webauthn:extension:prf: true, webauthn:virtualAuthenticators: true}
Session ID: 19cbed5989160a40bec6f79e481f705e
at org.openqa.selenium.remote.codec.w3c.W3CHttpResponseCodec.createException(W3CHttpResponseCodec.java:200)
at org.openqa.selenium.remote.codec.w3c.W3CHttpResponseCodec.decode(W3CHttpResponseCodec.java:133)
at org.openqa.selenium.remote.codec.w3c.W3CHttpResponseCodec.decode(W3CHttpResponseCodec.java:53)
at org.openqa.selenium.remote.HttpCommandExecutor.execute(HttpCommandExecutor.java:184)
at org.openqa.selenium.remote.service.DriverCommandExecutor.invokeExecute(DriverCommandExecutor.java:167)
at org.openqa.selenium.remote.service.DriverCommandExecutor.execute(DriverCommandExecutor.java:142)
at org.openqa.selenium.remote.RemoteWebDriver.execute(RemoteWebDriver.java:551)
at org.openqa.selenium.remote.ElementLocation$ElementFinder$2.findElement(ElementLocation.java:162)
at org.openqa.selenium.remote.ElementLocation.findElement(ElementLocation.java:60)
at org.openqa.selenium.remote.RemoteWebDriver.findElement(RemoteWebDriver.java:367)
at org.openqa.selenium.remote.RemoteWebDriver.findElement(RemoteWebDriver.java:359)
at com.koinpro.testCases.ForgetPasswordTest.ForgetPassword_Test001(ForgetPasswordTest.java:72)
at java.base/java.util.ArrayList.forEach(ArrayList.java:1511)
... Removed 35 stack frames]]>
    </failure>
  </testcase> <!-- ForgetPassword_Test001 -->
  <testcase classname="com.koinpro.testCases.ForgetPasswordTest" name="ForgetPassword_Test002_Timecheck" time="5.167"/>
  <testcase classname="com.koinpro.testCases.ForgetPasswordTest" name="ForgetPassword_Test003_NoUser" time="5.379"/>
  <testcase classname="com.koinpro.testCases.ForgetPasswordTest" name="ForgetPassword_Test004_invalid_Email_Format" time="5.038"/>
  <testcase classname="com.koinpro.testCases.ForgetPasswordTest" name="checkLogin_With_previousPassword" time="5.893">
    <failure type="java.lang.AssertionError" message="expected [true] but found [false]">
      <![CDATA[java.lang.AssertionError: expected [true] but found [false]
at com.koinpro.testCases.ForgetPasswordTest.checkLogin_With_previousPassword(ForgetPasswordTest.java:137)
at java.base/java.util.ArrayList.forEach(ArrayList.java:1511)
... Removed 34 stack frames]]>
    </failure>
  </testcase> <!-- checkLogin_With_previousPassword -->
  <testcase classname="com.koinpro.testCases.kycUpdate" name="kycVerification001" time="86.442">
    <failure type="java.lang.AssertionError">
      <![CDATA[java.lang.AssertionError
at org.junit.Assert.fail(Assert.java:86)
at org.junit.Assert.assertTrue(Assert.java:41)
at org.junit.Assert.assertTrue(Assert.java:52)
at com.koinpro.testCases.kycUpdate.kycVerification001(kycUpdate.java:105)
at java.base/java.util.ArrayList.forEach(ArrayList.java:1511)
... Removed 30 stack frames]]>
    </failure>
  </testcase> <!-- kycVerification001 -->
  <testcase classname="com.koinpro.testCases.kycUpdate" name="kycVerification002_rejectionInAdmin" time="7.875">
    <failure type="org.openqa.selenium.ElementClickInterceptedException" message="element click intercepted: Element &amp;lt;button _ngcontent-pre-c163=&amp;quot;&amp;quot; type=&amp;quot;button&amp;quot; class=&amp;quot;btn btn-warning&amp;quot; style=&amp;quot;height: 35px; margin-top: 10px; margin-right: 15px; color: white;&amp;quot;&amp;gt;...&amp;lt;/button&amp;gt; is not clickable at point (1230, 107). Other element would receive the click: &amp;lt;div class=&amp;quot;ng-tns-c60-1 ng-star-inserted ng-trigger ng-trigger-flyInOut ngx-toastr toast-success ng-animating&amp;quot; toast-component=&amp;quot;&amp;quot; style=&amp;quot;&amp;quot;&amp;gt;...&amp;lt;/div&amp;gt;
  (Session info: chrome=111.0.5563.65)
Build info: version: &amp;apos;4.7.1&amp;apos;, revision: &amp;apos;c6795baf1a3&amp;apos;
System info: os.name: &amp;apos;Windows 10&amp;apos;, os.arch: &amp;apos;amd64&amp;apos;, os.version: &amp;apos;10.0&amp;apos;, java.version: &amp;apos;17.0.6&amp;apos;
Driver info: org.openqa.selenium.chrome.ChromeDriver
Command: [97706446c1c70dadd1364bdcfdf5e823, clickElement {id=40363e49-025e-4da2-9d89-4b9b7ca84ac1}]
Capabilities {acceptInsecureCerts: false, browserName: chrome, browserVersion: 111.0.5563.65, chrome: {chromedriverVersion: 111.0.5563.64 (c710e93d5b63..., userDataDir: C:\Users\MAYANK~1\AppData\L...}, goog:chromeOptions: {debuggerAddress: localhost:60149}, networkConnectionEnabled: false, pageLoadStrategy: normal, platformName: WINDOWS, proxy: Proxy(), se:cdp: ws://localhost:60149/devtoo..., se:cdpVersion: 111.0.5563.65, setWindowRect: true, strictFileInteractability: false, timeouts: {implicit: 0, pageLoad: 300000, script: 30000}, unhandledPromptBehavior: dismiss and notify, webauthn:extension:credBlob: true, webauthn:extension:largeBlob: true, webauthn:extension:minPinLength: true, webauthn:extension:prf: true, webauthn:virtualAuthenticators: true}
Element: [[ChromeDriver: chrome on WINDOWS (97706446c1c70dadd1364bdcfdf5e823)] -&amp;gt; xpath: //button[normalize-space()=&amp;apos;Search&amp;apos;]]
Session ID: 97706446c1c70dadd1364bdcfdf5e823">
      <![CDATA[org.openqa.selenium.ElementClickInterceptedException: element click intercepted: Element <button _ngcontent-pre-c163="" type="button" class="btn btn-warning" style="height: 35px; margin-top: 10px; margin-right: 15px; color: white;">...</button> is not clickable at point (1230, 107). Other element would receive the click: <div class="ng-tns-c60-1 ng-star-inserted ng-trigger ng-trigger-flyInOut ngx-toastr toast-success ng-animating" toast-component="" style="">...</div>
  (Session info: chrome=111.0.5563.65)
Build info: version: '4.7.1', revision: 'c6795baf1a3'
System info: os.name: 'Windows 10', os.arch: 'amd64', os.version: '10.0', java.version: '17.0.6'
Driver info: org.openqa.selenium.chrome.ChromeDriver
Command: [97706446c1c70dadd1364bdcfdf5e823, clickElement {id=40363e49-025e-4da2-9d89-4b9b7ca84ac1}]
Capabilities {acceptInsecureCerts: false, browserName: chrome, browserVersion: 111.0.5563.65, chrome: {chromedriverVersion: 111.0.5563.64 (c710e93d5b63..., userDataDir: C:\Users\MAYANK~1\AppData\L...}, goog:chromeOptions: {debuggerAddress: localhost:60149}, networkConnectionEnabled: false, pageLoadStrategy: normal, platformName: WINDOWS, proxy: Proxy(), se:cdp: ws://localhost:60149/devtoo..., se:cdpVersion: 111.0.5563.65, setWindowRect: true, strictFileInteractability: false, timeouts: {implicit: 0, pageLoad: 300000, script: 30000}, unhandledPromptBehavior: dismiss and notify, webauthn:extension:credBlob: true, webauthn:extension:largeBlob: true, webauthn:extension:minPinLength: true, webauthn:extension:prf: true, webauthn:virtualAuthenticators: true}
Element: [[ChromeDriver: chrome on WINDOWS (97706446c1c70dadd1364bdcfdf5e823)] -> xpath: //button[normalize-space()='Search']]
Session ID: 97706446c1c70dadd1364bdcfdf5e823
at org.openqa.selenium.remote.codec.w3c.W3CHttpResponseCodec.createException(W3CHttpResponseCodec.java:200)
at org.openqa.selenium.remote.codec.w3c.W3CHttpResponseCodec.decode(W3CHttpResponseCodec.java:133)
at org.openqa.selenium.remote.codec.w3c.W3CHttpResponseCodec.decode(W3CHttpResponseCodec.java:53)
at org.openqa.selenium.remote.HttpCommandExecutor.execute(HttpCommandExecutor.java:184)
at org.openqa.selenium.remote.service.DriverCommandExecutor.invokeExecute(DriverCommandExecutor.java:167)
at org.openqa.selenium.remote.service.DriverCommandExecutor.execute(DriverCommandExecutor.java:142)
at org.openqa.selenium.remote.RemoteWebDriver.execute(RemoteWebDriver.java:551)
at org.openqa.selenium.remote.RemoteWebElement.execute(RemoteWebElement.java:257)
at org.openqa.selenium.remote.RemoteWebElement.click(RemoteWebElement.java:78)
at com.koinpro.testCases.kycUpdate.kycVerification002_rejectionInAdmin(kycUpdate.java:124)
at java.base/java.util.ArrayList.forEach(ArrayList.java:1511)
... Removed 35 stack frames]]>
    </failure>
  </testcase> <!-- kycVerification002_rejectionInAdmin -->
  <testcase classname="com.koinpro.testCases.kycUpdate" name="kycVerification003_Re_UploadPan" time="25.739">
    <failure type="org.openqa.selenium.ElementClickInterceptedException" message="element click intercepted: Element is not clickable at point (424, 674)
  (Session info: chrome=111.0.5563.65)
Build info: version: &amp;apos;4.7.1&amp;apos;, revision: &amp;apos;c6795baf1a3&amp;apos;
System info: os.name: &amp;apos;Windows 10&amp;apos;, os.arch: &amp;apos;amd64&amp;apos;, os.version: &amp;apos;10.0&amp;apos;, java.version: &amp;apos;17.0.6&amp;apos;
Driver info: org.openqa.selenium.chrome.ChromeDriver
Command: [53bc79597c94f073b4eaa19abcdcd85a, clickElement {id=b275bb18-7f6e-420d-a62a-cc4a8203f975}]
Capabilities {acceptInsecureCerts: false, browserName: chrome, browserVersion: 111.0.5563.65, chrome: {chromedriverVersion: 111.0.5563.64 (c710e93d5b63..., userDataDir: C:\Users\MAYANK~1\AppData\L...}, goog:chromeOptions: {debuggerAddress: localhost:60187}, networkConnectionEnabled: false, pageLoadStrategy: normal, platformName: WINDOWS, proxy: Proxy(), se:cdp: ws://localhost:60187/devtoo..., se:cdpVersion: 111.0.5563.65, setWindowRect: true, strictFileInteractability: false, timeouts: {implicit: 0, pageLoad: 300000, script: 30000}, unhandledPromptBehavior: dismiss and notify, webauthn:extension:credBlob: true, webauthn:extension:largeBlob: true, webauthn:extension:minPinLength: true, webauthn:extension:prf: true, webauthn:virtualAuthenticators: true}
Element: [[ChromeDriver: chrome on WINDOWS (53bc79597c94f073b4eaa19abcdcd85a)] -&amp;gt; css selector: button.button[type=button]]
Session ID: 53bc79597c94f073b4eaa19abcdcd85a">
      <![CDATA[org.openqa.selenium.ElementClickInterceptedException: element click intercepted: Element is not clickable at point (424, 674)
  (Session info: chrome=111.0.5563.65)
Build info: version: '4.7.1', revision: 'c6795baf1a3'
System info: os.name: 'Windows 10', os.arch: 'amd64', os.version: '10.0', java.version: '17.0.6'
Driver info: org.openqa.selenium.chrome.ChromeDriver
Command: [53bc79597c94f073b4eaa19abcdcd85a, clickElement {id=b275bb18-7f6e-420d-a62a-cc4a8203f975}]
Capabilities {acceptInsecureCerts: false, browserName: chrome, browserVersion: 111.0.5563.65, chrome: {chromedriverVersion: 111.0.5563.64 (c710e93d5b63..., userDataDir: C:\Users\MAYANK~1\AppData\L...}, goog:chromeOptions: {debuggerAddress: localhost:60187}, networkConnectionEnabled: false, pageLoadStrategy: normal, platformName: WINDOWS, proxy: Proxy(), se:cdp: ws://localhost:60187/devtoo..., se:cdpVersion: 111.0.5563.65, setWindowRect: true, strictFileInteractability: false, timeouts: {implicit: 0, pageLoad: 300000, script: 30000}, unhandledPromptBehavior: dismiss and notify, webauthn:extension:credBlob: true, webauthn:extension:largeBlob: true, webauthn:extension:minPinLength: true, webauthn:extension:prf: true, webauthn:virtualAuthenticators: true}
Element: [[ChromeDriver: chrome on WINDOWS (53bc79597c94f073b4eaa19abcdcd85a)] -> css selector: button.button[type=button]]
Session ID: 53bc79597c94f073b4eaa19abcdcd85a
at org.openqa.selenium.remote.codec.w3c.W3CHttpResponseCodec.createException(W3CHttpResponseCodec.java:200)
at org.openqa.selenium.remote.codec.w3c.W3CHttpResponseCodec.decode(W3CHttpResponseCodec.java:133)
at org.openqa.selenium.remote.codec.w3c.W3CHttpResponseCodec.decode(W3CHttpResponseCodec.java:53)
at org.openqa.selenium.remote.HttpCommandExecutor.execute(HttpCommandExecutor.java:184)
at org.openqa.selenium.remote.service.DriverCommandExecutor.invokeExecute(DriverCommandExecutor.java:167)
at org.openqa.selenium.remote.service.DriverCommandExecutor.execute(DriverCommandExecutor.java:142)
at org.openqa.selenium.remote.RemoteWebDriver.execute(RemoteWebDriver.java:551)
at org.openqa.selenium.remote.RemoteWebElement.execute(RemoteWebElement.java:257)
at org.openqa.selenium.remote.RemoteWebElement.click(RemoteWebElement.java:78)
at com.koinpro.testCases.kycUpdate.kycVerification003_Re_UploadPan(kycUpdate.java:157)
at java.base/java.util.ArrayList.forEach(ArrayList.java:1511)
... Removed 35 stack frames]]>
    </failure>
  </testcase> <!-- kycVerification003_Re_UploadPan -->
  <testcase classname="com.koinpro.testCases.kycUpdate" name="kycVerification004_rejectionInAdmin" time="7.95">
    <failure type="org.openqa.selenium.ElementClickInterceptedException" message="element click intercepted: Element &amp;lt;button _ngcontent-kuy-c163=&amp;quot;&amp;quot; type=&amp;quot;button&amp;quot; class=&amp;quot;btn btn-warning&amp;quot; style=&amp;quot;height: 35px; margin-top: 10px; margin-right: 15px; color: white;&amp;quot;&amp;gt;...&amp;lt;/button&amp;gt; is not clickable at point (1230, 107). Other element would receive the click: &amp;lt;div class=&amp;quot;ng-tns-c60-1 ng-star-inserted ng-trigger ng-trigger-flyInOut ngx-toastr toast-success ng-animating&amp;quot; toast-component=&amp;quot;&amp;quot; style=&amp;quot;&amp;quot;&amp;gt;...&amp;lt;/div&amp;gt;
  (Session info: chrome=111.0.5563.65)
Build info: version: &amp;apos;4.7.1&amp;apos;, revision: &amp;apos;c6795baf1a3&amp;apos;
System info: os.name: &amp;apos;Windows 10&amp;apos;, os.arch: &amp;apos;amd64&amp;apos;, os.version: &amp;apos;10.0&amp;apos;, java.version: &amp;apos;17.0.6&amp;apos;
Driver info: org.openqa.selenium.chrome.ChromeDriver
Command: [5f04f116a2bf5b9945eb86cfb21b2aa1, clickElement {id=a7f1c3b4-1765-46c2-ad56-b561644626bb}]
Capabilities {acceptInsecureCerts: false, browserName: chrome, browserVersion: 111.0.5563.65, chrome: {chromedriverVersion: 111.0.5563.64 (c710e93d5b63..., userDataDir: C:\Users\MAYANK~1\AppData\L...}, goog:chromeOptions: {debuggerAddress: localhost:60233}, networkConnectionEnabled: false, pageLoadStrategy: normal, platformName: WINDOWS, proxy: Proxy(), se:cdp: ws://localhost:60233/devtoo..., se:cdpVersion: 111.0.5563.65, setWindowRect: true, strictFileInteractability: false, timeouts: {implicit: 0, pageLoad: 300000, script: 30000}, unhandledPromptBehavior: dismiss and notify, webauthn:extension:credBlob: true, webauthn:extension:largeBlob: true, webauthn:extension:minPinLength: true, webauthn:extension:prf: true, webauthn:virtualAuthenticators: true}
Element: [[ChromeDriver: chrome on WINDOWS (5f04f116a2bf5b9945eb86cfb21b2aa1)] -&amp;gt; xpath: //button[normalize-space()=&amp;apos;Search&amp;apos;]]
Session ID: 5f04f116a2bf5b9945eb86cfb21b2aa1">
      <![CDATA[org.openqa.selenium.ElementClickInterceptedException: element click intercepted: Element <button _ngcontent-kuy-c163="" type="button" class="btn btn-warning" style="height: 35px; margin-top: 10px; margin-right: 15px; color: white;">...</button> is not clickable at point (1230, 107). Other element would receive the click: <div class="ng-tns-c60-1 ng-star-inserted ng-trigger ng-trigger-flyInOut ngx-toastr toast-success ng-animating" toast-component="" style="">...</div>
  (Session info: chrome=111.0.5563.65)
Build info: version: '4.7.1', revision: 'c6795baf1a3'
System info: os.name: 'Windows 10', os.arch: 'amd64', os.version: '10.0', java.version: '17.0.6'
Driver info: org.openqa.selenium.chrome.ChromeDriver
Command: [5f04f116a2bf5b9945eb86cfb21b2aa1, clickElement {id=a7f1c3b4-1765-46c2-ad56-b561644626bb}]
Capabilities {acceptInsecureCerts: false, browserName: chrome, browserVersion: 111.0.5563.65, chrome: {chromedriverVersion: 111.0.5563.64 (c710e93d5b63..., userDataDir: C:\Users\MAYANK~1\AppData\L...}, goog:chromeOptions: {debuggerAddress: localhost:60233}, networkConnectionEnabled: false, pageLoadStrategy: normal, platformName: WINDOWS, proxy: Proxy(), se:cdp: ws://localhost:60233/devtoo..., se:cdpVersion: 111.0.5563.65, setWindowRect: true, strictFileInteractability: false, timeouts: {implicit: 0, pageLoad: 300000, script: 30000}, unhandledPromptBehavior: dismiss and notify, webauthn:extension:credBlob: true, webauthn:extension:largeBlob: true, webauthn:extension:minPinLength: true, webauthn:extension:prf: true, webauthn:virtualAuthenticators: true}
Element: [[ChromeDriver: chrome on WINDOWS (5f04f116a2bf5b9945eb86cfb21b2aa1)] -> xpath: //button[normalize-space()='Search']]
Session ID: 5f04f116a2bf5b9945eb86cfb21b2aa1
at org.openqa.selenium.remote.codec.w3c.W3CHttpResponseCodec.createException(W3CHttpResponseCodec.java:200)
at org.openqa.selenium.remote.codec.w3c.W3CHttpResponseCodec.decode(W3CHttpResponseCodec.java:133)
at org.openqa.selenium.remote.codec.w3c.W3CHttpResponseCodec.decode(W3CHttpResponseCodec.java:53)
at org.openqa.selenium.remote.HttpCommandExecutor.execute(HttpCommandExecutor.java:184)
at org.openqa.selenium.remote.service.DriverCommandExecutor.invokeExecute(DriverCommandExecutor.java:167)
at org.openqa.selenium.remote.service.DriverCommandExecutor.execute(DriverCommandExecutor.java:142)
at org.openqa.selenium.remote.RemoteWebDriver.execute(RemoteWebDriver.java:551)
at org.openqa.selenium.remote.RemoteWebElement.execute(RemoteWebElement.java:257)
at org.openqa.selenium.remote.RemoteWebElement.click(RemoteWebElement.java:78)
at com.koinpro.testCases.kycUpdate.kycVerification004_rejectionInAdmin(kycUpdate.java:182)
at java.base/java.util.ArrayList.forEach(ArrayList.java:1511)
... Removed 35 stack frames]]>
    </failure>
  </testcase> <!-- kycVerification004_rejectionInAdmin -->
  <testcase classname="com.koinpro.testCases.kycUpdate" name="kycVerification005_UploadWrongImage" time="21.855"/>
  <testcase classname="com.koinpro.testCases.BaseClass" name="@AfterSuite AfterSuite" time="0.0">
    <ignored/>
  </testcase> <!-- @AfterSuite AfterSuite -->
  <testcase classname="com.koinpro.testCases.BaseClass" name="@AfterSuite AfterSuite" time="0.0">
    <ignored/>
  </testcase> <!-- @AfterSuite AfterSuite -->
  <testcase classname="com.koinpro.testCases.BaseClass" name="@BeforeSuite BeforeSuite" time="0.0">
    <ignored/>
  </testcase> <!-- @BeforeSuite BeforeSuite -->
  <testcase classname="com.koinpro.testCases.BaseClass" name="@BeforeSuite BeforeSuite" time="0.0">
    <ignored/>
  </testcase> <!-- @BeforeSuite BeforeSuite -->
</testsuite> <!-- ExchangeApp Test on CHROME -->
