<?xml version="1.0" encoding="UTF-8"?>
<testng-results ignored="0" total="5" passed="5" failed="0" skipped="0">
  <reporter-output>
  </reporter-output>
  <suite started-at="2023-03-22T15:44:42 IST" name="Suite" finished-at="2023-03-22T15:47:28 IST" duration-ms="166064">
    <groups>
    </groups>
    <test started-at="2023-03-22T15:44:42 IST" name="ExchangeApp Test on CHROME" finished-at="2023-03-22T15:47:28 IST" duration-ms="166017">
      <class name="com.koinpro.testCases.kycUpdate">
        <test-method is-config="true" signature="setUp(java.lang.String)[pri:0, instance:com.koinpro.testCases.kycUpdate@3911c2a7]" started-at="2023-03-22T15:44:42 IST" name="setUp" finished-at="2023-03-22T15:44:44 IST" duration-ms="2212" status="PASS">
          <params>
            <param index="0">
              <value>
                <![CDATA[chrome]]>
              </value>
            </param>
          </params>
          <reporter-output>
          </reporter-output>
        </test-method> <!-- setUp -->
        <test-method signature="kycVerification001()[pri:0, instance:com.koinpro.testCases.kycUpdate@3911c2a7]" started-at="2023-03-22T15:44:44 IST" name="kycVerification001" finished-at="2023-03-22T15:46:06 IST" duration-ms="81709" status="PASS">
          <reporter-output>
          </reporter-output>
        </test-method> <!-- kycVerification001 -->
        <test-method is-config="true" signature="tearDown()[pri:0, instance:com.koinpro.testCases.kycUpdate@3911c2a7]" started-at="2023-03-22T15:46:06 IST" name="tearDown" finished-at="2023-03-22T15:46:06 IST" duration-ms="255" status="PASS">
          <reporter-output>
          </reporter-output>
        </test-method> <!-- tearDown -->
        <test-method is-config="true" signature="setUp(java.lang.String)[pri:0, instance:com.koinpro.testCases.kycUpdate@3911c2a7]" started-at="2023-03-22T15:46:06 IST" name="setUp" finished-at="2023-03-22T15:46:07 IST" duration-ms="1130" status="PASS">
          <params>
            <param index="0">
              <value>
                <![CDATA[chrome]]>
              </value>
            </param>
          </params>
          <reporter-output>
          </reporter-output>
        </test-method> <!-- setUp -->
        <test-method signature="kycVerification002_rejectionInAdmin()[pri:0, instance:com.koinpro.testCases.kycUpdate@3911c2a7]" started-at="2023-03-22T15:46:07 IST" name="kycVerification002_rejectionInAdmin" finished-at="2023-03-22T15:46:20 IST" duration-ms="12321" status="PASS">
          <reporter-output>
          </reporter-output>
        </test-method> <!-- kycVerification002_rejectionInAdmin -->
        <test-method is-config="true" signature="tearDown()[pri:0, instance:com.koinpro.testCases.kycUpdate@3911c2a7]" started-at="2023-03-22T15:46:20 IST" name="tearDown" finished-at="2023-03-22T15:46:20 IST" duration-ms="178" status="PASS">
          <reporter-output>
          </reporter-output>
        </test-method> <!-- tearDown -->
        <test-method is-config="true" signature="setUp(java.lang.String)[pri:0, instance:com.koinpro.testCases.kycUpdate@3911c2a7]" started-at="2023-03-22T15:46:20 IST" name="setUp" finished-at="2023-03-22T15:46:21 IST" duration-ms="1174" status="PASS">
          <params>
            <param index="0">
              <value>
                <![CDATA[chrome]]>
              </value>
            </param>
          </params>
          <reporter-output>
          </reporter-output>
        </test-method> <!-- setUp -->
        <test-method signature="kycVerification003_Re_UploadPan()[pri:0, instance:com.koinpro.testCases.kycUpdate@3911c2a7]" started-at="2023-03-22T15:46:21 IST" name="kycVerification003_Re_UploadPan" finished-at="2023-03-22T15:46:47 IST" duration-ms="26497" status="PASS">
          <reporter-output>
          </reporter-output>
        </test-method> <!-- kycVerification003_Re_UploadPan -->
        <test-method is-config="true" signature="tearDown()[pri:0, instance:com.koinpro.testCases.kycUpdate@3911c2a7]" started-at="2023-03-22T15:46:47 IST" name="tearDown" finished-at="2023-03-22T15:46:48 IST" duration-ms="309" status="PASS">
          <reporter-output>
          </reporter-output>
        </test-method> <!-- tearDown -->
        <test-method is-config="true" signature="setUp(java.lang.String)[pri:0, instance:com.koinpro.testCases.kycUpdate@3911c2a7]" started-at="2023-03-22T15:46:48 IST" name="setUp" finished-at="2023-03-22T15:46:51 IST" duration-ms="3663" status="PASS">
          <params>
            <param index="0">
              <value>
                <![CDATA[chrome]]>
              </value>
            </param>
          </params>
          <reporter-output>
          </reporter-output>
        </test-method> <!-- setUp -->
        <test-method signature="kycVerification004_rejectionInAdmin()[pri:0, instance:com.koinpro.testCases.kycUpdate@3911c2a7]" started-at="2023-03-22T15:46:51 IST" name="kycVerification004_rejectionInAdmin" finished-at="2023-03-22T15:47:05 IST" duration-ms="13273" status="PASS">
          <reporter-output>
          </reporter-output>
        </test-method> <!-- kycVerification004_rejectionInAdmin -->
        <test-method is-config="true" signature="tearDown()[pri:0, instance:com.koinpro.testCases.kycUpdate@3911c2a7]" started-at="2023-03-22T15:47:05 IST" name="tearDown" finished-at="2023-03-22T15:47:05 IST" duration-ms="197" status="PASS">
          <reporter-output>
          </reporter-output>
        </test-method> <!-- tearDown -->
        <test-method is-config="true" signature="setUp(java.lang.String)[pri:0, instance:com.koinpro.testCases.kycUpdate@3911c2a7]" started-at="2023-03-22T15:47:05 IST" name="setUp" finished-at="2023-03-22T15:47:06 IST" duration-ms="1166" status="PASS">
          <params>
            <param index="0">
              <value>
                <![CDATA[chrome]]>
              </value>
            </param>
          </params>
          <reporter-output>
          </reporter-output>
        </test-method> <!-- setUp -->
        <test-method signature="kycVerification005_UploadWrongImage()[pri:0, instance:com.koinpro.testCases.kycUpdate@3911c2a7]" started-at="2023-03-22T15:47:06 IST" name="kycVerification005_UploadWrongImage" finished-at="2023-03-22T15:47:28 IST" duration-ms="21633" status="PASS">
          <reporter-output>
          </reporter-output>
        </test-method> <!-- kycVerification005_UploadWrongImage -->
        <test-method is-config="true" signature="tearDown()[pri:0, instance:com.koinpro.testCases.kycUpdate@3911c2a7]" started-at="2023-03-22T15:47:28 IST" name="tearDown" finished-at="2023-03-22T15:47:28 IST" duration-ms="248" status="PASS">
          <reporter-output>
          </reporter-output>
        </test-method> <!-- tearDown -->
      </class> <!-- com.koinpro.testCases.kycUpdate -->
    </test> <!-- ExchangeApp Test on CHROME -->
    <test started-at="2023-03-22T15:47:28 IST" name="ExchangeApp Test on edge" finished-at="2023-03-22T15:47:28 IST" duration-ms="0">
      <class name="com.koinpro.testCases.kycUpdate">
        <test-method is-config="true" signature="BeforeSuite()[pri:0, instance:com.koinpro.testCases.kycUpdate@3911c2a7]" started-at="2023-03-22T15:44:42 IST" name="BeforeSuite" finished-at="2023-03-22T15:44:42 IST" duration-ms="419" status="PASS">
          <reporter-output>
          </reporter-output>
        </test-method> <!-- BeforeSuite -->
        <test-method is-config="true" signature="AfterSuite()[pri:0, instance:com.koinpro.testCases.kycUpdate@3911c2a7]" started-at="2023-03-22T15:47:28 IST" name="AfterSuite" finished-at="2023-03-22T15:47:29 IST" duration-ms="610" status="PASS">
          <reporter-output>
          </reporter-output>
        </test-method> <!-- AfterSuite -->
      </class> <!-- com.koinpro.testCases.kycUpdate -->
    </test> <!-- ExchangeApp Test on edge -->
  </suite> <!-- Suite -->
</testng-results>
