<?xml version="1.0" encoding="UTF-8"?>
<testng-results ignored="4" total="5" passed="1" failed="0" skipped="0">
  <reporter-output>
  </reporter-output>
  <suite started-at="2023-03-22T16:06:38 IST" name="Suite" finished-at="2023-03-22T16:08:10 IST" duration-ms="92254">
    <groups>
    </groups>
    <test started-at="2023-03-22T16:06:38 IST" name="ExchangeApp Test on CHROME" finished-at="2023-03-22T16:08:10 IST" duration-ms="92233">
      <class name="com.koinpro.testCases.kycUpdate">
        <test-method is-config="true" signature="setUp(java.lang.String)[pri:0, instance:com.koinpro.testCases.kycUpdate@3911c2a7]" started-at="2023-03-22T16:06:38 IST" name="setUp" finished-at="2023-03-22T16:06:40 IST" duration-ms="2674" status="PASS">
          <params>
            <param index="0">
              <value>
                <![CDATA[chrome]]>
              </value>
            </param>
          </params>
          <reporter-output>
          </reporter-output>
        </test-method> <!-- setUp -->
        <test-method signature="kycVerification001()[pri:0, instance:com.koinpro.testCases.kycUpdate@3911c2a7]" started-at="2023-03-22T16:06:40 IST" name="kycVerification001" finished-at="2023-03-22T16:08:10 IST" duration-ms="89257" status="PASS">
          <reporter-output>
          </reporter-output>
        </test-method> <!-- kycVerification001 -->
        <test-method is-config="true" signature="tearDown()[pri:0, instance:com.koinpro.testCases.kycUpdate@3911c2a7]" started-at="2023-03-22T16:08:10 IST" name="tearDown" finished-at="2023-03-22T16:08:10 IST" duration-ms="265" status="PASS">
          <reporter-output>
          </reporter-output>
        </test-method> <!-- tearDown -->
      </class> <!-- com.koinpro.testCases.kycUpdate -->
    </test> <!-- ExchangeApp Test on CHROME -->
    <test started-at="2023-03-22T16:08:10 IST" name="ExchangeApp Test on edge" finished-at="2023-03-22T16:08:10 IST" duration-ms="0">
      <class name="com.koinpro.testCases.kycUpdate">
        <test-method is-config="true" signature="BeforeSuite()[pri:0, instance:com.koinpro.testCases.kycUpdate@3911c2a7]" started-at="2023-03-22T16:06:37 IST" name="BeforeSuite" finished-at="2023-03-22T16:06:38 IST" duration-ms="414" status="PASS">
          <reporter-output>
          </reporter-output>
        </test-method> <!-- BeforeSuite -->
        <test-method is-config="true" signature="AfterSuite()[pri:0, instance:com.koinpro.testCases.kycUpdate@3911c2a7]" started-at="2023-03-22T16:08:10 IST" name="AfterSuite" finished-at="2023-03-22T16:08:10 IST" duration-ms="470" status="PASS">
          <reporter-output>
          </reporter-output>
        </test-method> <!-- AfterSuite -->
      </class> <!-- com.koinpro.testCases.kycUpdate -->
    </test> <!-- ExchangeApp Test on edge -->
  </suite> <!-- Suite -->
</testng-results>
