<?xml version="1.0" encoding="UTF-8"?>
<testng-results ignored="6" total="24" passed="13" failed="2" skipped="3">
  <reporter-output>
  </reporter-output>
  <suite started-at="2023-03-30T12:23:01 IST" name="Suite" finished-at="2023-03-30T12:31:02 IST" duration-ms="481131">
    <groups>
    </groups>
    <test started-at="2023-03-30T12:23:01 IST" name="ExchangeApp Test on CHROME" finished-at="2023-03-30T12:31:02 IST" duration-ms="481011">
      <class name="com.koinpro.testCases.Bank_VerifyTest">
        <test-method is-config="true" signature="setUp(java.lang.String)[pri:0, instance:com.koinpro.testCases.Bank_VerifyTest@26b3fd41]" started-at="2023-03-30T12:29:47 IST" name="setUp" finished-at="2023-03-30T12:31:02 IST" duration-ms="74576" status="FAIL">
          <params>
            <param index="0">
              <value>
                <![CDATA[chrome]]>
              </value>
            </param>
          </params>
          <exception class="org.openqa.selenium.SessionNotCreatedException">
            <message>
              <![CDATA[Could not start a new session. Response code 500. Message: chrome not reachable 
Host info: host: 'MAC', ip: '192.168.1.24'
Build info: version: '4.7.1', revision: 'c6795baf1a3'
System info: os.name: 'Windows 10', os.arch: 'amd64', os.version: '10.0', java.version: '17.0.6'
Driver info: org.openqa.selenium.chrome.ChromeDriver
Command: [null, newSession {capabilities=[Capabilities {browserName: chrome, goog:chromeOptions: {args: [--remote-allow-origins=*, --remote-allow-origins=*, --remote-allow-origins=*, --remote-allow-origins=*, --remote-allow-origins=*, --remote-allow-origins=*, --remote-allow-origins=*, --remote-allow-origins=*, --remote-allow-origins=*, --remote-allow-origins=*, --remote-allow-origins=*, --remote-allow-origins=*, --remote-allow-origins=*, --remote-allow-origins=*, --remote-allow-origins=*, --remote-allow-origins=*, --remote-allow-origins=*], extensions: []}}], desiredCapabilities=Capabilities {browserName: chrome, goog:chromeOptions: {args: [--remote-allow-origins=*, --remote-allow-origins=*, --remote-allow-origins=*, --remote-allow-origins=*, --remote-allow-origins=*, --remote-allow-origins=*, --remote-allow-origins=*, --remote-allow-origins=*, --remote-allow-origins=*, --remote-allow-origins=*, --remote-allow-origins=*, --remote-allow-origins=*, --remote-allow-origins=*, --remote-allow-origins=*, --remote-allow-origins=*, --remote-allow-origins=*, --remote-allow-origins=*], extensions: []}}}]]]>
            </message>
            <full-stacktrace>
              <![CDATA[org.openqa.selenium.SessionNotCreatedException: Could not start a new session. Response code 500. Message: chrome not reachable 
Host info: host: 'MAC', ip: '192.168.1.24'
Build info: version: '4.7.1', revision: 'c6795baf1a3'
System info: os.name: 'Windows 10', os.arch: 'amd64', os.version: '10.0', java.version: '17.0.6'
Driver info: org.openqa.selenium.chrome.ChromeDriver
Command: [null, newSession {capabilities=[Capabilities {browserName: chrome, goog:chromeOptions: {args: [--remote-allow-origins=*, --remote-allow-origins=*, --remote-allow-origins=*, --remote-allow-origins=*, --remote-allow-origins=*, --remote-allow-origins=*, --remote-allow-origins=*, --remote-allow-origins=*, --remote-allow-origins=*, --remote-allow-origins=*, --remote-allow-origins=*, --remote-allow-origins=*, --remote-allow-origins=*, --remote-allow-origins=*, --remote-allow-origins=*, --remote-allow-origins=*, --remote-allow-origins=*], extensions: []}}], desiredCapabilities=Capabilities {browserName: chrome, goog:chromeOptions: {args: [--remote-allow-origins=*, --remote-allow-origins=*, --remote-allow-origins=*, --remote-allow-origins=*, --remote-allow-origins=*, --remote-allow-origins=*, --remote-allow-origins=*, --remote-allow-origins=*, --remote-allow-origins=*, --remote-allow-origins=*, --remote-allow-origins=*, --remote-allow-origins=*, --remote-allow-origins=*, --remote-allow-origins=*, --remote-allow-origins=*, --remote-allow-origins=*, --remote-allow-origins=*], extensions: []}}}]
at org.openqa.selenium.remote.ProtocolHandshake.createSession(ProtocolHandshake.java:148)
at org.openqa.selenium.remote.ProtocolHandshake.createSession(ProtocolHandshake.java:106)
at org.openqa.selenium.remote.ProtocolHandshake.createSession(ProtocolHandshake.java:67)
at org.openqa.selenium.remote.HttpCommandExecutor.execute(HttpCommandExecutor.java:156)
at org.openqa.selenium.remote.service.DriverCommandExecutor.invokeExecute(DriverCommandExecutor.java:167)
at org.openqa.selenium.remote.service.DriverCommandExecutor.execute(DriverCommandExecutor.java:142)
at org.openqa.selenium.remote.RemoteWebDriver.execute(RemoteWebDriver.java:551)
at org.openqa.selenium.remote.RemoteWebDriver.startSession(RemoteWebDriver.java:244)
at org.openqa.selenium.remote.RemoteWebDriver.<init>(RemoteWebDriver.java:159)
at org.openqa.selenium.chromium.ChromiumDriver.<init>(ChromiumDriver.java:101)
at org.openqa.selenium.chrome.ChromeDriver.<init>(ChromeDriver.java:81)
at org.openqa.selenium.chrome.ChromeDriver.<init>(ChromeDriver.java:70)
at com.koinpro.testCases.BaseClass.setUp(BaseClass.java:201)
at jdk.internal.reflect.GeneratedMethodAccessor4.invoke(Unknown Source)
at java.base/jdk.internal.reflect.DelegatingMethodAccessorImpl.invoke(DelegatingMethodAccessorImpl.java:43)
at java.base/java.lang.reflect.Method.invoke(Method.java:568)
at org.testng.internal.invokers.MethodInvocationHelper.invokeMethod(MethodInvocationHelper.java:139)
at org.testng.internal.invokers.MethodInvocationHelper.invokeMethodConsideringTimeout(MethodInvocationHelper.java:69)
at org.testng.internal.invokers.ConfigInvoker.invokeConfigurationMethod(ConfigInvoker.java:361)
at org.testng.internal.invokers.ConfigInvoker.invokeConfigurations(ConfigInvoker.java:296)
at org.testng.internal.invokers.TestInvoker.runConfigMethods(TestInvoker.java:816)
at org.testng.internal.invokers.TestInvoker.invokeMethod(TestInvoker.java:590)
at org.testng.internal.invokers.TestInvoker.invokeTestMethod(TestInvoker.java:221)
at org.testng.internal.invokers.MethodRunner.runInSequence(MethodRunner.java:50)
at org.testng.internal.invokers.TestInvoker$MethodInvocationAgent.invoke(TestInvoker.java:962)
at org.testng.internal.invokers.TestInvoker.invokeTestMethods(TestInvoker.java:194)
at org.testng.internal.invokers.TestMethodWorker.invokeTestMethods(TestMethodWorker.java:148)
at org.testng.internal.invokers.TestMethodWorker.run(TestMethodWorker.java:128)
at java.base/java.util.ArrayList.forEach(ArrayList.java:1511)
at org.testng.TestRunner.privateRun(TestRunner.java:806)
at org.testng.TestRunner.run(TestRunner.java:601)
at org.testng.SuiteRunner.runTest(SuiteRunner.java:433)
at org.testng.SuiteRunner.runSequentially(SuiteRunner.java:427)
at org.testng.SuiteRunner.privateRun(SuiteRunner.java:387)
at org.testng.SuiteRunner.run(SuiteRunner.java:330)
at org.testng.SuiteRunnerWorker.runSuite(SuiteRunnerWorker.java:52)
at org.testng.SuiteRunnerWorker.run(SuiteRunnerWorker.java:95)
at org.testng.TestNG.runSuitesSequentially(TestNG.java:1256)
at org.testng.TestNG.runSuitesLocally(TestNG.java:1176)
at org.testng.TestNG.runSuites(TestNG.java:1099)
at org.testng.TestNG.run(TestNG.java:1067)
at org.testng.remote.AbstractRemoteTestNG.run(AbstractRemoteTestNG.java:115)
at org.testng.remote.RemoteTestNG.initAndRun(RemoteTestNG.java:251)
at org.testng.remote.RemoteTestNG.main(RemoteTestNG.java:77)
]]>
            </full-stacktrace>
          </exception> <!-- org.openqa.selenium.SessionNotCreatedException -->
          <reporter-output>
          </reporter-output>
        </test-method> <!-- setUp -->
        <test-method signature="bankVerfication01()[pri:0, instance:com.koinpro.testCases.Bank_VerifyTest@26b3fd41]" started-at="2023-03-30T12:31:02 IST" name="bankVerfication01" finished-at="2023-03-30T12:31:02 IST" duration-ms="0" status="SKIP">
          <exception class="org.openqa.selenium.SessionNotCreatedException">
            <message>
              <![CDATA[Could not start a new session. Response code 500. Message: chrome not reachable 
Host info: host: 'MAC', ip: '192.168.1.24'
Build info: version: '4.7.1', revision: 'c6795baf1a3'
System info: os.name: 'Windows 10', os.arch: 'amd64', os.version: '10.0', java.version: '17.0.6'
Driver info: org.openqa.selenium.chrome.ChromeDriver
Command: [null, newSession {capabilities=[Capabilities {browserName: chrome, goog:chromeOptions: {args: [--remote-allow-origins=*, --remote-allow-origins=*, --remote-allow-origins=*, --remote-allow-origins=*, --remote-allow-origins=*, --remote-allow-origins=*, --remote-allow-origins=*, --remote-allow-origins=*, --remote-allow-origins=*, --remote-allow-origins=*, --remote-allow-origins=*, --remote-allow-origins=*, --remote-allow-origins=*, --remote-allow-origins=*, --remote-allow-origins=*, --remote-allow-origins=*, --remote-allow-origins=*], extensions: []}}], desiredCapabilities=Capabilities {browserName: chrome, goog:chromeOptions: {args: [--remote-allow-origins=*, --remote-allow-origins=*, --remote-allow-origins=*, --remote-allow-origins=*, --remote-allow-origins=*, --remote-allow-origins=*, --remote-allow-origins=*, --remote-allow-origins=*, --remote-allow-origins=*, --remote-allow-origins=*, --remote-allow-origins=*, --remote-allow-origins=*, --remote-allow-origins=*, --remote-allow-origins=*, --remote-allow-origins=*, --remote-allow-origins=*, --remote-allow-origins=*], extensions: []}}}]]]>
            </message>
            <full-stacktrace>
              <![CDATA[org.openqa.selenium.SessionNotCreatedException: Could not start a new session. Response code 500. Message: chrome not reachable 
Host info: host: 'MAC', ip: '192.168.1.24'
Build info: version: '4.7.1', revision: 'c6795baf1a3'
System info: os.name: 'Windows 10', os.arch: 'amd64', os.version: '10.0', java.version: '17.0.6'
Driver info: org.openqa.selenium.chrome.ChromeDriver
Command: [null, newSession {capabilities=[Capabilities {browserName: chrome, goog:chromeOptions: {args: [--remote-allow-origins=*, --remote-allow-origins=*, --remote-allow-origins=*, --remote-allow-origins=*, --remote-allow-origins=*, --remote-allow-origins=*, --remote-allow-origins=*, --remote-allow-origins=*, --remote-allow-origins=*, --remote-allow-origins=*, --remote-allow-origins=*, --remote-allow-origins=*, --remote-allow-origins=*, --remote-allow-origins=*, --remote-allow-origins=*, --remote-allow-origins=*, --remote-allow-origins=*], extensions: []}}], desiredCapabilities=Capabilities {browserName: chrome, goog:chromeOptions: {args: [--remote-allow-origins=*, --remote-allow-origins=*, --remote-allow-origins=*, --remote-allow-origins=*, --remote-allow-origins=*, --remote-allow-origins=*, --remote-allow-origins=*, --remote-allow-origins=*, --remote-allow-origins=*, --remote-allow-origins=*, --remote-allow-origins=*, --remote-allow-origins=*, --remote-allow-origins=*, --remote-allow-origins=*, --remote-allow-origins=*, --remote-allow-origins=*, --remote-allow-origins=*], extensions: []}}}]
at org.openqa.selenium.remote.ProtocolHandshake.createSession(ProtocolHandshake.java:148)
at org.openqa.selenium.remote.ProtocolHandshake.createSession(ProtocolHandshake.java:106)
at org.openqa.selenium.remote.ProtocolHandshake.createSession(ProtocolHandshake.java:67)
at org.openqa.selenium.remote.HttpCommandExecutor.execute(HttpCommandExecutor.java:156)
at org.openqa.selenium.remote.service.DriverCommandExecutor.invokeExecute(DriverCommandExecutor.java:167)
at org.openqa.selenium.remote.service.DriverCommandExecutor.execute(DriverCommandExecutor.java:142)
at org.openqa.selenium.remote.RemoteWebDriver.execute(RemoteWebDriver.java:551)
at org.openqa.selenium.remote.RemoteWebDriver.startSession(RemoteWebDriver.java:244)
at org.openqa.selenium.remote.RemoteWebDriver.<init>(RemoteWebDriver.java:159)
at org.openqa.selenium.chromium.ChromiumDriver.<init>(ChromiumDriver.java:101)
at org.openqa.selenium.chrome.ChromeDriver.<init>(ChromeDriver.java:81)
at org.openqa.selenium.chrome.ChromeDriver.<init>(ChromeDriver.java:70)
at com.koinpro.testCases.BaseClass.setUp(BaseClass.java:201)
at jdk.internal.reflect.GeneratedMethodAccessor4.invoke(Unknown Source)
at java.base/jdk.internal.reflect.DelegatingMethodAccessorImpl.invoke(DelegatingMethodAccessorImpl.java:43)
at java.base/java.lang.reflect.Method.invoke(Method.java:568)
at org.testng.internal.invokers.MethodInvocationHelper.invokeMethod(MethodInvocationHelper.java:139)
at org.testng.internal.invokers.MethodInvocationHelper.invokeMethodConsideringTimeout(MethodInvocationHelper.java:69)
at org.testng.internal.invokers.ConfigInvoker.invokeConfigurationMethod(ConfigInvoker.java:361)
at org.testng.internal.invokers.ConfigInvoker.invokeConfigurations(ConfigInvoker.java:296)
at org.testng.internal.invokers.TestInvoker.runConfigMethods(TestInvoker.java:816)
at org.testng.internal.invokers.TestInvoker.invokeMethod(TestInvoker.java:590)
at org.testng.internal.invokers.TestInvoker.invokeTestMethod(TestInvoker.java:221)
at org.testng.internal.invokers.MethodRunner.runInSequence(MethodRunner.java:50)
at org.testng.internal.invokers.TestInvoker$MethodInvocationAgent.invoke(TestInvoker.java:962)
at org.testng.internal.invokers.TestInvoker.invokeTestMethods(TestInvoker.java:194)
at org.testng.internal.invokers.TestMethodWorker.invokeTestMethods(TestMethodWorker.java:148)
at org.testng.internal.invokers.TestMethodWorker.run(TestMethodWorker.java:128)
at java.base/java.util.ArrayList.forEach(ArrayList.java:1511)
at org.testng.TestRunner.privateRun(TestRunner.java:806)
at org.testng.TestRunner.run(TestRunner.java:601)
at org.testng.SuiteRunner.runTest(SuiteRunner.java:433)
at org.testng.SuiteRunner.runSequentially(SuiteRunner.java:427)
at org.testng.SuiteRunner.privateRun(SuiteRunner.java:387)
at org.testng.SuiteRunner.run(SuiteRunner.java:330)
at org.testng.SuiteRunnerWorker.runSuite(SuiteRunnerWorker.java:52)
at org.testng.SuiteRunnerWorker.run(SuiteRunnerWorker.java:95)
at org.testng.TestNG.runSuitesSequentially(TestNG.java:1256)
at org.testng.TestNG.runSuitesLocally(TestNG.java:1176)
at org.testng.TestNG.runSuites(TestNG.java:1099)
at org.testng.TestNG.run(TestNG.java:1067)
at org.testng.remote.AbstractRemoteTestNG.run(AbstractRemoteTestNG.java:115)
at org.testng.remote.RemoteTestNG.initAndRun(RemoteTestNG.java:251)
at org.testng.remote.RemoteTestNG.main(RemoteTestNG.java:77)
]]>
            </full-stacktrace>
          </exception> <!-- org.openqa.selenium.SessionNotCreatedException -->
          <reporter-output>
          </reporter-output>
        </test-method> <!-- bankVerfication01 -->
        <test-method is-config="true" signature="tearDown()[pri:0, instance:com.koinpro.testCases.Bank_VerifyTest@26b3fd41]" started-at="2023-03-30T12:31:02 IST" name="tearDown" finished-at="2023-03-30T12:31:02 IST" duration-ms="0" status="SKIP">
          <reporter-output>
          </reporter-output>
        </test-method> <!-- tearDown -->
      </class> <!-- com.koinpro.testCases.Bank_VerifyTest -->
      <class name="com.koinpro.testCases.kycUpdate">
        <test-method is-config="true" signature="setUp(java.lang.String)[pri:0, instance:com.koinpro.testCases.kycUpdate@192c3f1e]" started-at="2023-03-30T12:26:29 IST" name="setUp" finished-at="2023-03-30T12:26:30 IST" duration-ms="1298" status="PASS">
          <params>
            <param index="0">
              <value>
                <![CDATA[chrome]]>
              </value>
            </param>
          </params>
          <reporter-output>
          </reporter-output>
        </test-method> <!-- setUp -->
        <test-method signature="kycVerification001()[pri:0, instance:com.koinpro.testCases.kycUpdate@192c3f1e]" started-at="2023-03-30T12:26:30 IST" name="kycVerification001" finished-at="2023-03-30T12:28:06 IST" duration-ms="95715" status="PASS">
          <reporter-output>
          </reporter-output>
        </test-method> <!-- kycVerification001 -->
        <test-method is-config="true" signature="tearDown()[pri:0, instance:com.koinpro.testCases.kycUpdate@192c3f1e]" started-at="2023-03-30T12:28:06 IST" name="tearDown" finished-at="2023-03-30T12:28:06 IST" duration-ms="1" status="PASS">
          <reporter-output>
          </reporter-output>
        </test-method> <!-- tearDown -->
        <test-method is-config="true" signature="setUp(java.lang.String)[pri:0, instance:com.koinpro.testCases.kycUpdate@192c3f1e]" started-at="2023-03-30T12:28:06 IST" name="setUp" finished-at="2023-03-30T12:28:07 IST" duration-ms="1026" status="PASS">
          <params>
            <param index="0">
              <value>
                <![CDATA[chrome]]>
              </value>
            </param>
          </params>
          <reporter-output>
          </reporter-output>
        </test-method> <!-- setUp -->
        <test-method signature="kycVerification002_rejectionInAdmin()[pri:0, instance:com.koinpro.testCases.kycUpdate@192c3f1e]" started-at="2023-03-30T12:28:07 IST" name="kycVerification002_rejectionInAdmin" finished-at="2023-03-30T12:28:16 IST" duration-ms="9077" status="FAIL">
          <exception class="org.openqa.selenium.StaleElementReferenceException">
            <message>
              <![CDATA[stale element reference: element is not attached to the page document
  (Session info: chrome=111.0.5563.65)
For documentation on this error, please visit: https://selenium.dev/exceptions/#stale_element_reference
Build info: version: '4.7.1', revision: 'c6795baf1a3'
System info: os.name: 'Windows 10', os.arch: 'amd64', os.version: '10.0', java.version: '17.0.6'
Driver info: org.openqa.selenium.chrome.ChromeDriver
Command: [da7c80595bfc65853f49b71ea0c1a5ba, clickElement {id=a08fa15e-a948-4e81-8940-0c30a820dfd1}]
Capabilities {acceptInsecureCerts: false, browserName: chrome, browserVersion: 111.0.5563.65, chrome: {chromedriverVersion: 111.0.5563.64 (c710e93d5b63..., userDataDir: C:\Users\MAYANK~1\AppData\L...}, goog:chromeOptions: {debuggerAddress: localhost:51095}, networkConnectionEnabled: false, pageLoadStrategy: normal, platformName: WINDOWS, proxy: Proxy(), se:cdp: ws://localhost:51095/devtoo..., se:cdpVersion: 111.0.5563.65, setWindowRect: true, strictFileInteractability: false, timeouts: {implicit: 0, pageLoad: 300000, script: 30000}, unhandledPromptBehavior: dismiss and notify, webauthn:extension:credBlob: true, webauthn:extension:largeBlob: true, webauthn:extension:minPinLength: true, webauthn:extension:prf: true, webauthn:virtualAuthenticators: true}
Element: [[ChromeDriver: chrome on WINDOWS (da7c80595bfc65853f49b71ea0c1a5ba)] -> xpath: //button[normalize-space()='Reject']]
Session ID: da7c80595bfc65853f49b71ea0c1a5ba]]>
            </message>
            <full-stacktrace>
              <![CDATA[org.openqa.selenium.StaleElementReferenceException: stale element reference: element is not attached to the page document
  (Session info: chrome=111.0.5563.65)
For documentation on this error, please visit: https://selenium.dev/exceptions/#stale_element_reference
Build info: version: '4.7.1', revision: 'c6795baf1a3'
System info: os.name: 'Windows 10', os.arch: 'amd64', os.version: '10.0', java.version: '17.0.6'
Driver info: org.openqa.selenium.chrome.ChromeDriver
Command: [da7c80595bfc65853f49b71ea0c1a5ba, clickElement {id=a08fa15e-a948-4e81-8940-0c30a820dfd1}]
Capabilities {acceptInsecureCerts: false, browserName: chrome, browserVersion: 111.0.5563.65, chrome: {chromedriverVersion: 111.0.5563.64 (c710e93d5b63..., userDataDir: C:\Users\MAYANK~1\AppData\L...}, goog:chromeOptions: {debuggerAddress: localhost:51095}, networkConnectionEnabled: false, pageLoadStrategy: normal, platformName: WINDOWS, proxy: Proxy(), se:cdp: ws://localhost:51095/devtoo..., se:cdpVersion: 111.0.5563.65, setWindowRect: true, strictFileInteractability: false, timeouts: {implicit: 0, pageLoad: 300000, script: 30000}, unhandledPromptBehavior: dismiss and notify, webauthn:extension:credBlob: true, webauthn:extension:largeBlob: true, webauthn:extension:minPinLength: true, webauthn:extension:prf: true, webauthn:virtualAuthenticators: true}
Element: [[ChromeDriver: chrome on WINDOWS (da7c80595bfc65853f49b71ea0c1a5ba)] -> xpath: //button[normalize-space()='Reject']]
Session ID: da7c80595bfc65853f49b71ea0c1a5ba
at java.base/jdk.internal.reflect.NativeConstructorAccessorImpl.newInstance0(Native Method)
at java.base/jdk.internal.reflect.NativeConstructorAccessorImpl.newInstance(NativeConstructorAccessorImpl.java:77)
at java.base/jdk.internal.reflect.DelegatingConstructorAccessorImpl.newInstance(DelegatingConstructorAccessorImpl.java:45)
at java.base/java.lang.reflect.Constructor.newInstanceWithCaller(Constructor.java:499)
at java.base/java.lang.reflect.Constructor.newInstance(Constructor.java:480)
at org.openqa.selenium.remote.codec.w3c.W3CHttpResponseCodec.createException(W3CHttpResponseCodec.java:200)
at org.openqa.selenium.remote.codec.w3c.W3CHttpResponseCodec.decode(W3CHttpResponseCodec.java:133)
at org.openqa.selenium.remote.codec.w3c.W3CHttpResponseCodec.decode(W3CHttpResponseCodec.java:53)
at org.openqa.selenium.remote.HttpCommandExecutor.execute(HttpCommandExecutor.java:184)
at org.openqa.selenium.remote.service.DriverCommandExecutor.invokeExecute(DriverCommandExecutor.java:167)
at org.openqa.selenium.remote.service.DriverCommandExecutor.execute(DriverCommandExecutor.java:142)
at org.openqa.selenium.remote.RemoteWebDriver.execute(RemoteWebDriver.java:551)
at org.openqa.selenium.remote.RemoteWebElement.execute(RemoteWebElement.java:257)
at org.openqa.selenium.remote.RemoteWebElement.click(RemoteWebElement.java:78)
at com.koinpro.testCases.kycUpdate.kycVerification002_rejectionInAdmin(kycUpdate.java:125)
at java.base/jdk.internal.reflect.NativeMethodAccessorImpl.invoke0(Native Method)
at java.base/jdk.internal.reflect.NativeMethodAccessorImpl.invoke(NativeMethodAccessorImpl.java:77)
at java.base/jdk.internal.reflect.DelegatingMethodAccessorImpl.invoke(DelegatingMethodAccessorImpl.java:43)
at java.base/java.lang.reflect.Method.invoke(Method.java:568)
at org.testng.internal.invokers.MethodInvocationHelper.invokeMethod(MethodInvocationHelper.java:139)
at org.testng.internal.invokers.TestInvoker.invokeMethod(TestInvoker.java:677)
at org.testng.internal.invokers.TestInvoker.invokeTestMethod(TestInvoker.java:221)
at org.testng.internal.invokers.MethodRunner.runInSequence(MethodRunner.java:50)
at org.testng.internal.invokers.TestInvoker$MethodInvocationAgent.invoke(TestInvoker.java:962)
at org.testng.internal.invokers.TestInvoker.invokeTestMethods(TestInvoker.java:194)
at org.testng.internal.invokers.TestMethodWorker.invokeTestMethods(TestMethodWorker.java:148)
at org.testng.internal.invokers.TestMethodWorker.run(TestMethodWorker.java:128)
at java.base/java.util.ArrayList.forEach(ArrayList.java:1511)
at org.testng.TestRunner.privateRun(TestRunner.java:806)
at org.testng.TestRunner.run(TestRunner.java:601)
at org.testng.SuiteRunner.runTest(SuiteRunner.java:433)
at org.testng.SuiteRunner.runSequentially(SuiteRunner.java:427)
at org.testng.SuiteRunner.privateRun(SuiteRunner.java:387)
at org.testng.SuiteRunner.run(SuiteRunner.java:330)
at org.testng.SuiteRunnerWorker.runSuite(SuiteRunnerWorker.java:52)
at org.testng.SuiteRunnerWorker.run(SuiteRunnerWorker.java:95)
at org.testng.TestNG.runSuitesSequentially(TestNG.java:1256)
at org.testng.TestNG.runSuitesLocally(TestNG.java:1176)
at org.testng.TestNG.runSuites(TestNG.java:1099)
at org.testng.TestNG.run(TestNG.java:1067)
at org.testng.remote.AbstractRemoteTestNG.run(AbstractRemoteTestNG.java:115)
at org.testng.remote.RemoteTestNG.initAndRun(RemoteTestNG.java:251)
at org.testng.remote.RemoteTestNG.main(RemoteTestNG.java:77)
]]>
            </full-stacktrace>
          </exception> <!-- org.openqa.selenium.StaleElementReferenceException -->
          <reporter-output>
          </reporter-output>
        </test-method> <!-- kycVerification002_rejectionInAdmin -->
        <test-method is-config="true" signature="tearDown()[pri:0, instance:com.koinpro.testCases.kycUpdate@192c3f1e]" started-at="2023-03-30T12:28:16 IST" name="tearDown" finished-at="2023-03-30T12:28:16 IST" duration-ms="0" status="PASS">
          <reporter-output>
          </reporter-output>
        </test-method> <!-- tearDown -->
        <test-method is-config="true" signature="setUp(java.lang.String)[pri:0, instance:com.koinpro.testCases.kycUpdate@192c3f1e]" started-at="2023-03-30T12:28:16 IST" name="setUp" finished-at="2023-03-30T12:28:18 IST" duration-ms="1651" status="PASS">
          <params>
            <param index="0">
              <value>
                <![CDATA[chrome]]>
              </value>
            </param>
          </params>
          <reporter-output>
          </reporter-output>
        </test-method> <!-- setUp -->
        <test-method signature="kycVerification003_Re_UploadPan()[pri:0, instance:com.koinpro.testCases.kycUpdate@192c3f1e]" started-at="2023-03-30T12:28:18 IST" name="kycVerification003_Re_UploadPan" finished-at="2023-03-30T12:28:32 IST" duration-ms="14070" status="FAIL">
          <exception class="org.openqa.selenium.NoSuchElementException">
            <message>
              <![CDATA[no such element: Unable to locate element: {"method":"xpath","selector":"//span[@class='input-group-text bg-danger cursorPointer']"}
  (Session info: chrome=111.0.5563.65)
For documentation on this error, please visit: https://selenium.dev/exceptions/#no_such_element
Build info: version: '4.7.1', revision: 'c6795baf1a3'
System info: os.name: 'Windows 10', os.arch: 'amd64', os.version: '10.0', java.version: '17.0.6'
Driver info: org.openqa.selenium.chrome.ChromeDriver
Command: [08f6a2894fef23194d1494427de572cb, findElement {using=xpath, value=//span[@class='input-group-text bg-danger cursorPointer']}]
Capabilities {acceptInsecureCerts: false, browserName: chrome, browserVersion: 111.0.5563.65, chrome: {chromedriverVersion: 111.0.5563.64 (c710e93d5b63..., userDataDir: C:\Users\MAYANK~1\AppData\L...}, goog:chromeOptions: {debuggerAddress: localhost:51133}, networkConnectionEnabled: false, pageLoadStrategy: normal, platformName: WINDOWS, proxy: Proxy(), se:cdp: ws://localhost:51133/devtoo..., se:cdpVersion: 111.0.5563.65, setWindowRect: true, strictFileInteractability: false, timeouts: {implicit: 0, pageLoad: 300000, script: 30000}, unhandledPromptBehavior: dismiss and notify, webauthn:extension:credBlob: true, webauthn:extension:largeBlob: true, webauthn:extension:minPinLength: true, webauthn:extension:prf: true, webauthn:virtualAuthenticators: true}
Session ID: 08f6a2894fef23194d1494427de572cb]]>
            </message>
            <full-stacktrace>
              <![CDATA[org.openqa.selenium.NoSuchElementException: no such element: Unable to locate element: {"method":"xpath","selector":"//span[@class='input-group-text bg-danger cursorPointer']"}
  (Session info: chrome=111.0.5563.65)
For documentation on this error, please visit: https://selenium.dev/exceptions/#no_such_element
Build info: version: '4.7.1', revision: 'c6795baf1a3'
System info: os.name: 'Windows 10', os.arch: 'amd64', os.version: '10.0', java.version: '17.0.6'
Driver info: org.openqa.selenium.chrome.ChromeDriver
Command: [08f6a2894fef23194d1494427de572cb, findElement {using=xpath, value=//span[@class='input-group-text bg-danger cursorPointer']}]
Capabilities {acceptInsecureCerts: false, browserName: chrome, browserVersion: 111.0.5563.65, chrome: {chromedriverVersion: 111.0.5563.64 (c710e93d5b63..., userDataDir: C:\Users\MAYANK~1\AppData\L...}, goog:chromeOptions: {debuggerAddress: localhost:51133}, networkConnectionEnabled: false, pageLoadStrategy: normal, platformName: WINDOWS, proxy: Proxy(), se:cdp: ws://localhost:51133/devtoo..., se:cdpVersion: 111.0.5563.65, setWindowRect: true, strictFileInteractability: false, timeouts: {implicit: 0, pageLoad: 300000, script: 30000}, unhandledPromptBehavior: dismiss and notify, webauthn:extension:credBlob: true, webauthn:extension:largeBlob: true, webauthn:extension:minPinLength: true, webauthn:extension:prf: true, webauthn:virtualAuthenticators: true}
Session ID: 08f6a2894fef23194d1494427de572cb
at java.base/jdk.internal.reflect.NativeConstructorAccessorImpl.newInstance0(Native Method)
at java.base/jdk.internal.reflect.NativeConstructorAccessorImpl.newInstance(NativeConstructorAccessorImpl.java:77)
at java.base/jdk.internal.reflect.DelegatingConstructorAccessorImpl.newInstance(DelegatingConstructorAccessorImpl.java:45)
at java.base/java.lang.reflect.Constructor.newInstanceWithCaller(Constructor.java:499)
at java.base/java.lang.reflect.Constructor.newInstance(Constructor.java:480)
at org.openqa.selenium.remote.codec.w3c.W3CHttpResponseCodec.createException(W3CHttpResponseCodec.java:200)
at org.openqa.selenium.remote.codec.w3c.W3CHttpResponseCodec.decode(W3CHttpResponseCodec.java:133)
at org.openqa.selenium.remote.codec.w3c.W3CHttpResponseCodec.decode(W3CHttpResponseCodec.java:53)
at org.openqa.selenium.remote.HttpCommandExecutor.execute(HttpCommandExecutor.java:184)
at org.openqa.selenium.remote.service.DriverCommandExecutor.invokeExecute(DriverCommandExecutor.java:167)
at org.openqa.selenium.remote.service.DriverCommandExecutor.execute(DriverCommandExecutor.java:142)
at org.openqa.selenium.remote.RemoteWebDriver.execute(RemoteWebDriver.java:551)
at org.openqa.selenium.remote.ElementLocation$ElementFinder$2.findElement(ElementLocation.java:162)
at org.openqa.selenium.remote.ElementLocation.findElement(ElementLocation.java:60)
at org.openqa.selenium.remote.RemoteWebDriver.findElement(RemoteWebDriver.java:367)
at org.openqa.selenium.remote.RemoteWebDriver.findElement(RemoteWebDriver.java:359)
at org.openqa.selenium.support.pagefactory.DefaultElementLocator.findElement(DefaultElementLocator.java:70)
at org.openqa.selenium.support.pagefactory.internal.LocatingElementHandler.invoke(LocatingElementHandler.java:39)
at jdk.proxy2/jdk.proxy2.$Proxy22.click(Unknown Source)
at com.koinpro.pageObjects.kycPageLocators.reupload_uploadpancard(kycPageLocators.java:188)
at com.koinpro.testCases.kycUpdate.kycVerification003_Re_UploadPan(kycUpdate.java:153)
at java.base/jdk.internal.reflect.NativeMethodAccessorImpl.invoke0(Native Method)
at java.base/jdk.internal.reflect.NativeMethodAccessorImpl.invoke(NativeMethodAccessorImpl.java:77)
at java.base/jdk.internal.reflect.DelegatingMethodAccessorImpl.invoke(DelegatingMethodAccessorImpl.java:43)
at java.base/java.lang.reflect.Method.invoke(Method.java:568)
at org.testng.internal.invokers.MethodInvocationHelper.invokeMethod(MethodInvocationHelper.java:139)
at org.testng.internal.invokers.TestInvoker.invokeMethod(TestInvoker.java:677)
at org.testng.internal.invokers.TestInvoker.invokeTestMethod(TestInvoker.java:221)
at org.testng.internal.invokers.MethodRunner.runInSequence(MethodRunner.java:50)
at org.testng.internal.invokers.TestInvoker$MethodInvocationAgent.invoke(TestInvoker.java:962)
at org.testng.internal.invokers.TestInvoker.invokeTestMethods(TestInvoker.java:194)
at org.testng.internal.invokers.TestMethodWorker.invokeTestMethods(TestMethodWorker.java:148)
at org.testng.internal.invokers.TestMethodWorker.run(TestMethodWorker.java:128)
at java.base/java.util.ArrayList.forEach(ArrayList.java:1511)
at org.testng.TestRunner.privateRun(TestRunner.java:806)
at org.testng.TestRunner.run(TestRunner.java:601)
at org.testng.SuiteRunner.runTest(SuiteRunner.java:433)
at org.testng.SuiteRunner.runSequentially(SuiteRunner.java:427)
at org.testng.SuiteRunner.privateRun(SuiteRunner.java:387)
at org.testng.SuiteRunner.run(SuiteRunner.java:330)
at org.testng.SuiteRunnerWorker.runSuite(SuiteRunnerWorker.java:52)
at org.testng.SuiteRunnerWorker.run(SuiteRunnerWorker.java:95)
at org.testng.TestNG.runSuitesSequentially(TestNG.java:1256)
at org.testng.TestNG.runSuitesLocally(TestNG.java:1176)
at org.testng.TestNG.runSuites(TestNG.java:1099)
at org.testng.TestNG.run(TestNG.java:1067)
at org.testng.remote.AbstractRemoteTestNG.run(AbstractRemoteTestNG.java:115)
at org.testng.remote.RemoteTestNG.initAndRun(RemoteTestNG.java:251)
at org.testng.remote.RemoteTestNG.main(RemoteTestNG.java:77)
]]>
            </full-stacktrace>
          </exception> <!-- org.openqa.selenium.NoSuchElementException -->
          <reporter-output>
          </reporter-output>
        </test-method> <!-- kycVerification003_Re_UploadPan -->
        <test-method is-config="true" signature="tearDown()[pri:0, instance:com.koinpro.testCases.kycUpdate@192c3f1e]" started-at="2023-03-30T12:28:34 IST" name="tearDown" finished-at="2023-03-30T12:28:34 IST" duration-ms="0" status="PASS">
          <reporter-output>
          </reporter-output>
        </test-method> <!-- tearDown -->
        <test-method is-config="true" signature="setUp(java.lang.String)[pri:0, instance:com.koinpro.testCases.kycUpdate@192c3f1e]" started-at="2023-03-30T12:28:34 IST" name="setUp" finished-at="2023-03-30T12:29:47 IST" duration-ms="72656" status="FAIL">
          <params>
            <param index="0">
              <value>
                <![CDATA[chrome]]>
              </value>
            </param>
          </params>
          <exception class="org.openqa.selenium.SessionNotCreatedException">
            <message>
              <![CDATA[Could not start a new session. Response code 500. Message: chrome not reachable 
Host info: host: 'MAC', ip: '192.168.1.24'
Build info: version: '4.7.1', revision: 'c6795baf1a3'
System info: os.name: 'Windows 10', os.arch: 'amd64', os.version: '10.0', java.version: '17.0.6'
Driver info: org.openqa.selenium.chrome.ChromeDriver
Command: [null, newSession {capabilities=[Capabilities {browserName: chrome, goog:chromeOptions: {args: [--remote-allow-origins=*, --remote-allow-origins=*, --remote-allow-origins=*, --remote-allow-origins=*, --remote-allow-origins=*, --remote-allow-origins=*, --remote-allow-origins=*, --remote-allow-origins=*, --remote-allow-origins=*, --remote-allow-origins=*, --remote-allow-origins=*, --remote-allow-origins=*, --remote-allow-origins=*, --remote-allow-origins=*, --remote-allow-origins=*, --remote-allow-origins=*], extensions: []}}], desiredCapabilities=Capabilities {browserName: chrome, goog:chromeOptions: {args: [--remote-allow-origins=*, --remote-allow-origins=*, --remote-allow-origins=*, --remote-allow-origins=*, --remote-allow-origins=*, --remote-allow-origins=*, --remote-allow-origins=*, --remote-allow-origins=*, --remote-allow-origins=*, --remote-allow-origins=*, --remote-allow-origins=*, --remote-allow-origins=*, --remote-allow-origins=*, --remote-allow-origins=*, --remote-allow-origins=*, --remote-allow-origins=*], extensions: []}}}]]]>
            </message>
            <full-stacktrace>
              <![CDATA[org.openqa.selenium.SessionNotCreatedException: Could not start a new session. Response code 500. Message: chrome not reachable 
Host info: host: 'MAC', ip: '192.168.1.24'
Build info: version: '4.7.1', revision: 'c6795baf1a3'
System info: os.name: 'Windows 10', os.arch: 'amd64', os.version: '10.0', java.version: '17.0.6'
Driver info: org.openqa.selenium.chrome.ChromeDriver
Command: [null, newSession {capabilities=[Capabilities {browserName: chrome, goog:chromeOptions: {args: [--remote-allow-origins=*, --remote-allow-origins=*, --remote-allow-origins=*, --remote-allow-origins=*, --remote-allow-origins=*, --remote-allow-origins=*, --remote-allow-origins=*, --remote-allow-origins=*, --remote-allow-origins=*, --remote-allow-origins=*, --remote-allow-origins=*, --remote-allow-origins=*, --remote-allow-origins=*, --remote-allow-origins=*, --remote-allow-origins=*, --remote-allow-origins=*], extensions: []}}], desiredCapabilities=Capabilities {browserName: chrome, goog:chromeOptions: {args: [--remote-allow-origins=*, --remote-allow-origins=*, --remote-allow-origins=*, --remote-allow-origins=*, --remote-allow-origins=*, --remote-allow-origins=*, --remote-allow-origins=*, --remote-allow-origins=*, --remote-allow-origins=*, --remote-allow-origins=*, --remote-allow-origins=*, --remote-allow-origins=*, --remote-allow-origins=*, --remote-allow-origins=*, --remote-allow-origins=*, --remote-allow-origins=*], extensions: []}}}]
at org.openqa.selenium.remote.ProtocolHandshake.createSession(ProtocolHandshake.java:148)
at org.openqa.selenium.remote.ProtocolHandshake.createSession(ProtocolHandshake.java:106)
at org.openqa.selenium.remote.ProtocolHandshake.createSession(ProtocolHandshake.java:67)
at org.openqa.selenium.remote.HttpCommandExecutor.execute(HttpCommandExecutor.java:156)
at org.openqa.selenium.remote.service.DriverCommandExecutor.invokeExecute(DriverCommandExecutor.java:167)
at org.openqa.selenium.remote.service.DriverCommandExecutor.execute(DriverCommandExecutor.java:142)
at org.openqa.selenium.remote.RemoteWebDriver.execute(RemoteWebDriver.java:551)
at org.openqa.selenium.remote.RemoteWebDriver.startSession(RemoteWebDriver.java:244)
at org.openqa.selenium.remote.RemoteWebDriver.<init>(RemoteWebDriver.java:159)
at org.openqa.selenium.chromium.ChromiumDriver.<init>(ChromiumDriver.java:101)
at org.openqa.selenium.chrome.ChromeDriver.<init>(ChromeDriver.java:81)
at org.openqa.selenium.chrome.ChromeDriver.<init>(ChromeDriver.java:70)
at com.koinpro.testCases.BaseClass.setUp(BaseClass.java:201)
at java.base/jdk.internal.reflect.NativeMethodAccessorImpl.invoke0(Native Method)
at java.base/jdk.internal.reflect.NativeMethodAccessorImpl.invoke(NativeMethodAccessorImpl.java:77)
at java.base/jdk.internal.reflect.DelegatingMethodAccessorImpl.invoke(DelegatingMethodAccessorImpl.java:43)
at java.base/java.lang.reflect.Method.invoke(Method.java:568)
at org.testng.internal.invokers.MethodInvocationHelper.invokeMethod(MethodInvocationHelper.java:139)
at org.testng.internal.invokers.MethodInvocationHelper.invokeMethodConsideringTimeout(MethodInvocationHelper.java:69)
at org.testng.internal.invokers.ConfigInvoker.invokeConfigurationMethod(ConfigInvoker.java:361)
at org.testng.internal.invokers.ConfigInvoker.invokeConfigurations(ConfigInvoker.java:296)
at org.testng.internal.invokers.TestInvoker.runConfigMethods(TestInvoker.java:816)
at org.testng.internal.invokers.TestInvoker.invokeMethod(TestInvoker.java:590)
at org.testng.internal.invokers.TestInvoker.invokeTestMethod(TestInvoker.java:221)
at org.testng.internal.invokers.MethodRunner.runInSequence(MethodRunner.java:50)
at org.testng.internal.invokers.TestInvoker$MethodInvocationAgent.invoke(TestInvoker.java:962)
at org.testng.internal.invokers.TestInvoker.invokeTestMethods(TestInvoker.java:194)
at org.testng.internal.invokers.TestMethodWorker.invokeTestMethods(TestMethodWorker.java:148)
at org.testng.internal.invokers.TestMethodWorker.run(TestMethodWorker.java:128)
at java.base/java.util.ArrayList.forEach(ArrayList.java:1511)
at org.testng.TestRunner.privateRun(TestRunner.java:806)
at org.testng.TestRunner.run(TestRunner.java:601)
at org.testng.SuiteRunner.runTest(SuiteRunner.java:433)
at org.testng.SuiteRunner.runSequentially(SuiteRunner.java:427)
at org.testng.SuiteRunner.privateRun(SuiteRunner.java:387)
at org.testng.SuiteRunner.run(SuiteRunner.java:330)
at org.testng.SuiteRunnerWorker.runSuite(SuiteRunnerWorker.java:52)
at org.testng.SuiteRunnerWorker.run(SuiteRunnerWorker.java:95)
at org.testng.TestNG.runSuitesSequentially(TestNG.java:1256)
at org.testng.TestNG.runSuitesLocally(TestNG.java:1176)
at org.testng.TestNG.runSuites(TestNG.java:1099)
at org.testng.TestNG.run(TestNG.java:1067)
at org.testng.remote.AbstractRemoteTestNG.run(AbstractRemoteTestNG.java:115)
at org.testng.remote.RemoteTestNG.initAndRun(RemoteTestNG.java:251)
at org.testng.remote.RemoteTestNG.main(RemoteTestNG.java:77)
]]>
            </full-stacktrace>
          </exception> <!-- org.openqa.selenium.SessionNotCreatedException -->
          <reporter-output>
          </reporter-output>
        </test-method> <!-- setUp -->
        <test-method signature="kycVerification004_rejectionInAdmin()[pri:0, instance:com.koinpro.testCases.kycUpdate@192c3f1e]" started-at="2023-03-30T12:29:47 IST" name="kycVerification004_rejectionInAdmin" finished-at="2023-03-30T12:29:47 IST" duration-ms="0" status="SKIP">
          <exception class="org.openqa.selenium.SessionNotCreatedException">
            <message>
              <![CDATA[Could not start a new session. Response code 500. Message: chrome not reachable 
Host info: host: 'MAC', ip: '192.168.1.24'
Build info: version: '4.7.1', revision: 'c6795baf1a3'
System info: os.name: 'Windows 10', os.arch: 'amd64', os.version: '10.0', java.version: '17.0.6'
Driver info: org.openqa.selenium.chrome.ChromeDriver
Command: [null, newSession {capabilities=[Capabilities {browserName: chrome, goog:chromeOptions: {args: [--remote-allow-origins=*, --remote-allow-origins=*, --remote-allow-origins=*, --remote-allow-origins=*, --remote-allow-origins=*, --remote-allow-origins=*, --remote-allow-origins=*, --remote-allow-origins=*, --remote-allow-origins=*, --remote-allow-origins=*, --remote-allow-origins=*, --remote-allow-origins=*, --remote-allow-origins=*, --remote-allow-origins=*, --remote-allow-origins=*, --remote-allow-origins=*], extensions: []}}], desiredCapabilities=Capabilities {browserName: chrome, goog:chromeOptions: {args: [--remote-allow-origins=*, --remote-allow-origins=*, --remote-allow-origins=*, --remote-allow-origins=*, --remote-allow-origins=*, --remote-allow-origins=*, --remote-allow-origins=*, --remote-allow-origins=*, --remote-allow-origins=*, --remote-allow-origins=*, --remote-allow-origins=*, --remote-allow-origins=*, --remote-allow-origins=*, --remote-allow-origins=*, --remote-allow-origins=*, --remote-allow-origins=*], extensions: []}}}]]]>
            </message>
            <full-stacktrace>
              <![CDATA[org.openqa.selenium.SessionNotCreatedException: Could not start a new session. Response code 500. Message: chrome not reachable 
Host info: host: 'MAC', ip: '192.168.1.24'
Build info: version: '4.7.1', revision: 'c6795baf1a3'
System info: os.name: 'Windows 10', os.arch: 'amd64', os.version: '10.0', java.version: '17.0.6'
Driver info: org.openqa.selenium.chrome.ChromeDriver
Command: [null, newSession {capabilities=[Capabilities {browserName: chrome, goog:chromeOptions: {args: [--remote-allow-origins=*, --remote-allow-origins=*, --remote-allow-origins=*, --remote-allow-origins=*, --remote-allow-origins=*, --remote-allow-origins=*, --remote-allow-origins=*, --remote-allow-origins=*, --remote-allow-origins=*, --remote-allow-origins=*, --remote-allow-origins=*, --remote-allow-origins=*, --remote-allow-origins=*, --remote-allow-origins=*, --remote-allow-origins=*, --remote-allow-origins=*], extensions: []}}], desiredCapabilities=Capabilities {browserName: chrome, goog:chromeOptions: {args: [--remote-allow-origins=*, --remote-allow-origins=*, --remote-allow-origins=*, --remote-allow-origins=*, --remote-allow-origins=*, --remote-allow-origins=*, --remote-allow-origins=*, --remote-allow-origins=*, --remote-allow-origins=*, --remote-allow-origins=*, --remote-allow-origins=*, --remote-allow-origins=*, --remote-allow-origins=*, --remote-allow-origins=*, --remote-allow-origins=*, --remote-allow-origins=*], extensions: []}}}]
at org.openqa.selenium.remote.ProtocolHandshake.createSession(ProtocolHandshake.java:148)
at org.openqa.selenium.remote.ProtocolHandshake.createSession(ProtocolHandshake.java:106)
at org.openqa.selenium.remote.ProtocolHandshake.createSession(ProtocolHandshake.java:67)
at org.openqa.selenium.remote.HttpCommandExecutor.execute(HttpCommandExecutor.java:156)
at org.openqa.selenium.remote.service.DriverCommandExecutor.invokeExecute(DriverCommandExecutor.java:167)
at org.openqa.selenium.remote.service.DriverCommandExecutor.execute(DriverCommandExecutor.java:142)
at org.openqa.selenium.remote.RemoteWebDriver.execute(RemoteWebDriver.java:551)
at org.openqa.selenium.remote.RemoteWebDriver.startSession(RemoteWebDriver.java:244)
at org.openqa.selenium.remote.RemoteWebDriver.<init>(RemoteWebDriver.java:159)
at org.openqa.selenium.chromium.ChromiumDriver.<init>(ChromiumDriver.java:101)
at org.openqa.selenium.chrome.ChromeDriver.<init>(ChromeDriver.java:81)
at org.openqa.selenium.chrome.ChromeDriver.<init>(ChromeDriver.java:70)
at com.koinpro.testCases.BaseClass.setUp(BaseClass.java:201)
at java.base/jdk.internal.reflect.NativeMethodAccessorImpl.invoke0(Native Method)
at java.base/jdk.internal.reflect.NativeMethodAccessorImpl.invoke(NativeMethodAccessorImpl.java:77)
at java.base/jdk.internal.reflect.DelegatingMethodAccessorImpl.invoke(DelegatingMethodAccessorImpl.java:43)
at java.base/java.lang.reflect.Method.invoke(Method.java:568)
at org.testng.internal.invokers.MethodInvocationHelper.invokeMethod(MethodInvocationHelper.java:139)
at org.testng.internal.invokers.MethodInvocationHelper.invokeMethodConsideringTimeout(MethodInvocationHelper.java:69)
at org.testng.internal.invokers.ConfigInvoker.invokeConfigurationMethod(ConfigInvoker.java:361)
at org.testng.internal.invokers.ConfigInvoker.invokeConfigurations(ConfigInvoker.java:296)
at org.testng.internal.invokers.TestInvoker.runConfigMethods(TestInvoker.java:816)
at org.testng.internal.invokers.TestInvoker.invokeMethod(TestInvoker.java:590)
at org.testng.internal.invokers.TestInvoker.invokeTestMethod(TestInvoker.java:221)
at org.testng.internal.invokers.MethodRunner.runInSequence(MethodRunner.java:50)
at org.testng.internal.invokers.TestInvoker$MethodInvocationAgent.invoke(TestInvoker.java:962)
at org.testng.internal.invokers.TestInvoker.invokeTestMethods(TestInvoker.java:194)
at org.testng.internal.invokers.TestMethodWorker.invokeTestMethods(TestMethodWorker.java:148)
at org.testng.internal.invokers.TestMethodWorker.run(TestMethodWorker.java:128)
at java.base/java.util.ArrayList.forEach(ArrayList.java:1511)
at org.testng.TestRunner.privateRun(TestRunner.java:806)
at org.testng.TestRunner.run(TestRunner.java:601)
at org.testng.SuiteRunner.runTest(SuiteRunner.java:433)
at org.testng.SuiteRunner.runSequentially(SuiteRunner.java:427)
at org.testng.SuiteRunner.privateRun(SuiteRunner.java:387)
at org.testng.SuiteRunner.run(SuiteRunner.java:330)
at org.testng.SuiteRunnerWorker.runSuite(SuiteRunnerWorker.java:52)
at org.testng.SuiteRunnerWorker.run(SuiteRunnerWorker.java:95)
at org.testng.TestNG.runSuitesSequentially(TestNG.java:1256)
at org.testng.TestNG.runSuitesLocally(TestNG.java:1176)
at org.testng.TestNG.runSuites(TestNG.java:1099)
at org.testng.TestNG.run(TestNG.java:1067)
at org.testng.remote.AbstractRemoteTestNG.run(AbstractRemoteTestNG.java:115)
at org.testng.remote.RemoteTestNG.initAndRun(RemoteTestNG.java:251)
at org.testng.remote.RemoteTestNG.main(RemoteTestNG.java:77)
]]>
            </full-stacktrace>
          </exception> <!-- org.openqa.selenium.SessionNotCreatedException -->
          <reporter-output>
          </reporter-output>
        </test-method> <!-- kycVerification004_rejectionInAdmin -->
        <test-method is-config="true" signature="tearDown()[pri:0, instance:com.koinpro.testCases.kycUpdate@192c3f1e]" started-at="2023-03-30T12:29:47 IST" name="tearDown" finished-at="2023-03-30T12:29:47 IST" duration-ms="0" status="SKIP">
          <reporter-output>
          </reporter-output>
        </test-method> <!-- tearDown -->
        <test-method is-config="true" signature="setUp(java.lang.String)[pri:0, instance:com.koinpro.testCases.kycUpdate@192c3f1e]" started-at="2023-03-30T12:29:47 IST" name="setUp" finished-at="2023-03-30T12:29:47 IST" duration-ms="0" status="SKIP">
          <reporter-output>
          </reporter-output>
        </test-method> <!-- setUp -->
        <test-method signature="kycVerification005_UploadWrongImage()[pri:0, instance:com.koinpro.testCases.kycUpdate@192c3f1e]" started-at="2023-03-30T12:29:47 IST" name="kycVerification005_UploadWrongImage" finished-at="2023-03-30T12:29:47 IST" duration-ms="0" status="SKIP">
          <exception class="org.openqa.selenium.SessionNotCreatedException">
            <message>
              <![CDATA[Could not start a new session. Response code 500. Message: chrome not reachable 
Host info: host: 'MAC', ip: '192.168.1.24'
Build info: version: '4.7.1', revision: 'c6795baf1a3'
System info: os.name: 'Windows 10', os.arch: 'amd64', os.version: '10.0', java.version: '17.0.6'
Driver info: org.openqa.selenium.chrome.ChromeDriver
Command: [null, newSession {capabilities=[Capabilities {browserName: chrome, goog:chromeOptions: {args: [--remote-allow-origins=*, --remote-allow-origins=*, --remote-allow-origins=*, --remote-allow-origins=*, --remote-allow-origins=*, --remote-allow-origins=*, --remote-allow-origins=*, --remote-allow-origins=*, --remote-allow-origins=*, --remote-allow-origins=*, --remote-allow-origins=*, --remote-allow-origins=*, --remote-allow-origins=*, --remote-allow-origins=*, --remote-allow-origins=*, --remote-allow-origins=*], extensions: []}}], desiredCapabilities=Capabilities {browserName: chrome, goog:chromeOptions: {args: [--remote-allow-origins=*, --remote-allow-origins=*, --remote-allow-origins=*, --remote-allow-origins=*, --remote-allow-origins=*, --remote-allow-origins=*, --remote-allow-origins=*, --remote-allow-origins=*, --remote-allow-origins=*, --remote-allow-origins=*, --remote-allow-origins=*, --remote-allow-origins=*, --remote-allow-origins=*, --remote-allow-origins=*, --remote-allow-origins=*, --remote-allow-origins=*], extensions: []}}}]]]>
            </message>
            <full-stacktrace>
              <![CDATA[org.openqa.selenium.SessionNotCreatedException: Could not start a new session. Response code 500. Message: chrome not reachable 
Host info: host: 'MAC', ip: '192.168.1.24'
Build info: version: '4.7.1', revision: 'c6795baf1a3'
System info: os.name: 'Windows 10', os.arch: 'amd64', os.version: '10.0', java.version: '17.0.6'
Driver info: org.openqa.selenium.chrome.ChromeDriver
Command: [null, newSession {capabilities=[Capabilities {browserName: chrome, goog:chromeOptions: {args: [--remote-allow-origins=*, --remote-allow-origins=*, --remote-allow-origins=*, --remote-allow-origins=*, --remote-allow-origins=*, --remote-allow-origins=*, --remote-allow-origins=*, --remote-allow-origins=*, --remote-allow-origins=*, --remote-allow-origins=*, --remote-allow-origins=*, --remote-allow-origins=*, --remote-allow-origins=*, --remote-allow-origins=*, --remote-allow-origins=*, --remote-allow-origins=*], extensions: []}}], desiredCapabilities=Capabilities {browserName: chrome, goog:chromeOptions: {args: [--remote-allow-origins=*, --remote-allow-origins=*, --remote-allow-origins=*, --remote-allow-origins=*, --remote-allow-origins=*, --remote-allow-origins=*, --remote-allow-origins=*, --remote-allow-origins=*, --remote-allow-origins=*, --remote-allow-origins=*, --remote-allow-origins=*, --remote-allow-origins=*, --remote-allow-origins=*, --remote-allow-origins=*, --remote-allow-origins=*, --remote-allow-origins=*], extensions: []}}}]
at org.openqa.selenium.remote.ProtocolHandshake.createSession(ProtocolHandshake.java:148)
at org.openqa.selenium.remote.ProtocolHandshake.createSession(ProtocolHandshake.java:106)
at org.openqa.selenium.remote.ProtocolHandshake.createSession(ProtocolHandshake.java:67)
at org.openqa.selenium.remote.HttpCommandExecutor.execute(HttpCommandExecutor.java:156)
at org.openqa.selenium.remote.service.DriverCommandExecutor.invokeExecute(DriverCommandExecutor.java:167)
at org.openqa.selenium.remote.service.DriverCommandExecutor.execute(DriverCommandExecutor.java:142)
at org.openqa.selenium.remote.RemoteWebDriver.execute(RemoteWebDriver.java:551)
at org.openqa.selenium.remote.RemoteWebDriver.startSession(RemoteWebDriver.java:244)
at org.openqa.selenium.remote.RemoteWebDriver.<init>(RemoteWebDriver.java:159)
at org.openqa.selenium.chromium.ChromiumDriver.<init>(ChromiumDriver.java:101)
at org.openqa.selenium.chrome.ChromeDriver.<init>(ChromeDriver.java:81)
at org.openqa.selenium.chrome.ChromeDriver.<init>(ChromeDriver.java:70)
at com.koinpro.testCases.BaseClass.setUp(BaseClass.java:201)
at java.base/jdk.internal.reflect.NativeMethodAccessorImpl.invoke0(Native Method)
at java.base/jdk.internal.reflect.NativeMethodAccessorImpl.invoke(NativeMethodAccessorImpl.java:77)
at java.base/jdk.internal.reflect.DelegatingMethodAccessorImpl.invoke(DelegatingMethodAccessorImpl.java:43)
at java.base/java.lang.reflect.Method.invoke(Method.java:568)
at org.testng.internal.invokers.MethodInvocationHelper.invokeMethod(MethodInvocationHelper.java:139)
at org.testng.internal.invokers.MethodInvocationHelper.invokeMethodConsideringTimeout(MethodInvocationHelper.java:69)
at org.testng.internal.invokers.ConfigInvoker.invokeConfigurationMethod(ConfigInvoker.java:361)
at org.testng.internal.invokers.ConfigInvoker.invokeConfigurations(ConfigInvoker.java:296)
at org.testng.internal.invokers.TestInvoker.runConfigMethods(TestInvoker.java:816)
at org.testng.internal.invokers.TestInvoker.invokeMethod(TestInvoker.java:590)
at org.testng.internal.invokers.TestInvoker.invokeTestMethod(TestInvoker.java:221)
at org.testng.internal.invokers.MethodRunner.runInSequence(MethodRunner.java:50)
at org.testng.internal.invokers.TestInvoker$MethodInvocationAgent.invoke(TestInvoker.java:962)
at org.testng.internal.invokers.TestInvoker.invokeTestMethods(TestInvoker.java:194)
at org.testng.internal.invokers.TestMethodWorker.invokeTestMethods(TestMethodWorker.java:148)
at org.testng.internal.invokers.TestMethodWorker.run(TestMethodWorker.java:128)
at java.base/java.util.ArrayList.forEach(ArrayList.java:1511)
at org.testng.TestRunner.privateRun(TestRunner.java:806)
at org.testng.TestRunner.run(TestRunner.java:601)
at org.testng.SuiteRunner.runTest(SuiteRunner.java:433)
at org.testng.SuiteRunner.runSequentially(SuiteRunner.java:427)
at org.testng.SuiteRunner.privateRun(SuiteRunner.java:387)
at org.testng.SuiteRunner.run(SuiteRunner.java:330)
at org.testng.SuiteRunnerWorker.runSuite(SuiteRunnerWorker.java:52)
at org.testng.SuiteRunnerWorker.run(SuiteRunnerWorker.java:95)
at org.testng.TestNG.runSuitesSequentially(TestNG.java:1256)
at org.testng.TestNG.runSuitesLocally(TestNG.java:1176)
at org.testng.TestNG.runSuites(TestNG.java:1099)
at org.testng.TestNG.run(TestNG.java:1067)
at org.testng.remote.AbstractRemoteTestNG.run(AbstractRemoteTestNG.java:115)
at org.testng.remote.RemoteTestNG.initAndRun(RemoteTestNG.java:251)
at org.testng.remote.RemoteTestNG.main(RemoteTestNG.java:77)
]]>
            </full-stacktrace>
          </exception> <!-- org.openqa.selenium.SessionNotCreatedException -->
          <reporter-output>
          </reporter-output>
        </test-method> <!-- kycVerification005_UploadWrongImage -->
        <test-method is-config="true" signature="tearDown()[pri:0, instance:com.koinpro.testCases.kycUpdate@192c3f1e]" started-at="2023-03-30T12:29:47 IST" name="tearDown" finished-at="2023-03-30T12:29:47 IST" duration-ms="0" status="SKIP">
          <reporter-output>
          </reporter-output>
        </test-method> <!-- tearDown -->
      </class> <!-- com.koinpro.testCases.kycUpdate -->
      <class name="com.koinpro.testCases.ForgetPasswordTest">
        <test-method is-config="true" signature="setUp(java.lang.String)[pri:0, instance:com.koinpro.testCases.ForgetPasswordTest@1e178745]" started-at="2023-03-30T12:23:57 IST" name="setUp" finished-at="2023-03-30T12:24:00 IST" duration-ms="2430" status="PASS">
          <params>
            <param index="0">
              <value>
                <![CDATA[chrome]]>
              </value>
            </param>
          </params>
          <reporter-output>
          </reporter-output>
        </test-method> <!-- setUp -->
        <test-method signature="ForgetPassword_Test001()[pri:0, instance:com.koinpro.testCases.ForgetPasswordTest@1e178745]" started-at="2023-03-30T12:24:00 IST" name="ForgetPassword_Test001" finished-at="2023-03-30T12:24:46 IST" duration-ms="46277" status="PASS">
          <reporter-output>
          </reporter-output>
        </test-method> <!-- ForgetPassword_Test001 -->
        <test-method is-config="true" signature="tearDown()[pri:0, instance:com.koinpro.testCases.ForgetPasswordTest@1e178745]" started-at="2023-03-30T12:24:46 IST" name="tearDown" finished-at="2023-03-30T12:24:46 IST" duration-ms="0" status="PASS">
          <reporter-output>
          </reporter-output>
        </test-method> <!-- tearDown -->
        <test-method is-config="true" signature="setUp(java.lang.String)[pri:0, instance:com.koinpro.testCases.ForgetPasswordTest@1e178745]" started-at="2023-03-30T12:24:46 IST" name="setUp" finished-at="2023-03-30T12:24:48 IST" duration-ms="1946" status="PASS">
          <params>
            <param index="0">
              <value>
                <![CDATA[chrome]]>
              </value>
            </param>
          </params>
          <reporter-output>
          </reporter-output>
        </test-method> <!-- setUp -->
        <test-method signature="ForgetPassword_Test002_Timecheck()[pri:0, instance:com.koinpro.testCases.ForgetPasswordTest@1e178745]" started-at="2023-03-30T12:24:48 IST" name="ForgetPassword_Test002_Timecheck" finished-at="2023-03-30T12:25:08 IST" duration-ms="20359" status="PASS">
          <reporter-output>
          </reporter-output>
        </test-method> <!-- ForgetPassword_Test002_Timecheck -->
        <test-method is-config="true" signature="tearDown()[pri:0, instance:com.koinpro.testCases.ForgetPasswordTest@1e178745]" started-at="2023-03-30T12:25:08 IST" name="tearDown" finished-at="2023-03-30T12:25:08 IST" duration-ms="0" status="PASS">
          <reporter-output>
          </reporter-output>
        </test-method> <!-- tearDown -->
        <test-method is-config="true" signature="setUp(java.lang.String)[pri:0, instance:com.koinpro.testCases.ForgetPasswordTest@1e178745]" started-at="2023-03-30T12:25:08 IST" name="setUp" finished-at="2023-03-30T12:26:01 IST" duration-ms="53235" status="PASS">
          <params>
            <param index="0">
              <value>
                <![CDATA[chrome]]>
              </value>
            </param>
          </params>
          <reporter-output>
          </reporter-output>
        </test-method> <!-- setUp -->
        <test-method signature="ForgetPassword_Test003_NoUser()[pri:0, instance:com.koinpro.testCases.ForgetPasswordTest@1e178745]" started-at="2023-03-30T12:26:01 IST" name="ForgetPassword_Test003_NoUser" finished-at="2023-03-30T12:26:14 IST" duration-ms="12790" status="PASS">
          <reporter-output>
          </reporter-output>
        </test-method> <!-- ForgetPassword_Test003_NoUser -->
        <test-method is-config="true" signature="tearDown()[pri:0, instance:com.koinpro.testCases.ForgetPasswordTest@1e178745]" started-at="2023-03-30T12:26:14 IST" name="tearDown" finished-at="2023-03-30T12:26:14 IST" duration-ms="0" status="PASS">
          <reporter-output>
          </reporter-output>
        </test-method> <!-- tearDown -->
        <test-method is-config="true" signature="setUp(java.lang.String)[pri:0, instance:com.koinpro.testCases.ForgetPasswordTest@1e178745]" started-at="2023-03-30T12:26:14 IST" name="setUp" finished-at="2023-03-30T12:26:15 IST" duration-ms="1229" status="PASS">
          <params>
            <param index="0">
              <value>
                <![CDATA[chrome]]>
              </value>
            </param>
          </params>
          <reporter-output>
          </reporter-output>
        </test-method> <!-- setUp -->
        <test-method signature="ForgetPassword_Test004_invalid_Email_Format()[pri:0, instance:com.koinpro.testCases.ForgetPasswordTest@1e178745]" started-at="2023-03-30T12:26:15 IST" name="ForgetPassword_Test004_invalid_Email_Format" finished-at="2023-03-30T12:26:21 IST" duration-ms="5504" status="PASS">
          <reporter-output>
          </reporter-output>
        </test-method> <!-- ForgetPassword_Test004_invalid_Email_Format -->
        <test-method is-config="true" signature="tearDown()[pri:0, instance:com.koinpro.testCases.ForgetPasswordTest@1e178745]" started-at="2023-03-30T12:26:21 IST" name="tearDown" finished-at="2023-03-30T12:26:21 IST" duration-ms="0" status="PASS">
          <reporter-output>
          </reporter-output>
        </test-method> <!-- tearDown -->
        <test-method is-config="true" signature="setUp(java.lang.String)[pri:0, instance:com.koinpro.testCases.ForgetPasswordTest@1e178745]" started-at="2023-03-30T12:26:21 IST" name="setUp" finished-at="2023-03-30T12:26:23 IST" duration-ms="1763" status="PASS">
          <params>
            <param index="0">
              <value>
                <![CDATA[chrome]]>
              </value>
            </param>
          </params>
          <reporter-output>
          </reporter-output>
        </test-method> <!-- setUp -->
        <test-method signature="checkLogin_With_previousPassword()[pri:0, instance:com.koinpro.testCases.ForgetPasswordTest@1e178745]" started-at="2023-03-30T12:26:23 IST" name="checkLogin_With_previousPassword" finished-at="2023-03-30T12:26:29 IST" duration-ms="6309" status="PASS">
          <reporter-output>
          </reporter-output>
        </test-method> <!-- checkLogin_With_previousPassword -->
        <test-method is-config="true" signature="tearDown()[pri:0, instance:com.koinpro.testCases.ForgetPasswordTest@1e178745]" started-at="2023-03-30T12:26:29 IST" name="tearDown" finished-at="2023-03-30T12:26:29 IST" duration-ms="0" status="PASS">
          <reporter-output>
          </reporter-output>
        </test-method> <!-- tearDown -->
      </class> <!-- com.koinpro.testCases.ForgetPasswordTest -->
      <class name="com.koinpro.testCases.LoginTest">
        <test-method is-config="true" signature="setUp(java.lang.String)[pri:0, instance:com.koinpro.testCases.LoginTest@33c911a1]" started-at="2023-03-30T12:23:01 IST" name="setUp" finished-at="2023-03-30T12:23:07 IST" duration-ms="6208" status="PASS">
          <params>
            <param index="0">
              <value>
                <![CDATA[chrome]]>
              </value>
            </param>
          </params>
          <reporter-output>
          </reporter-output>
        </test-method> <!-- setUp -->
        <test-method signature="TC_LoginTest_001()[pri:0, instance:com.koinpro.testCases.LoginTest@33c911a1]" started-at="2023-03-30T12:23:07 IST" name="TC_LoginTest_001" finished-at="2023-03-30T12:23:13 IST" duration-ms="5910" status="PASS">
          <reporter-output>
          </reporter-output>
        </test-method> <!-- TC_LoginTest_001 -->
        <test-method is-config="true" signature="tearDown()[pri:0, instance:com.koinpro.testCases.LoginTest@33c911a1]" started-at="2023-03-30T12:23:13 IST" name="tearDown" finished-at="2023-03-30T12:23:13 IST" duration-ms="1" status="PASS">
          <reporter-output>
          </reporter-output>
        </test-method> <!-- tearDown -->
        <test-method is-config="true" signature="setUp(java.lang.String)[pri:0, instance:com.koinpro.testCases.LoginTest@33c911a1]" started-at="2023-03-30T12:23:13 IST" name="setUp" finished-at="2023-03-30T12:23:14 IST" duration-ms="1394" status="PASS">
          <params>
            <param index="0">
              <value>
                <![CDATA[chrome]]>
              </value>
            </param>
          </params>
          <reporter-output>
          </reporter-output>
        </test-method> <!-- setUp -->
        <test-method signature="TC_LoginTest_002()[pri:0, instance:com.koinpro.testCases.LoginTest@33c911a1]" started-at="2023-03-30T12:23:14 IST" name="TC_LoginTest_002" finished-at="2023-03-30T12:23:19 IST" duration-ms="4493" status="PASS">
          <reporter-output>
          </reporter-output>
        </test-method> <!-- TC_LoginTest_002 -->
        <test-method is-config="true" signature="tearDown()[pri:0, instance:com.koinpro.testCases.LoginTest@33c911a1]" started-at="2023-03-30T12:23:19 IST" name="tearDown" finished-at="2023-03-30T12:23:19 IST" duration-ms="1" status="PASS">
          <reporter-output>
          </reporter-output>
        </test-method> <!-- tearDown -->
        <test-method is-config="true" signature="setUp(java.lang.String)[pri:0, instance:com.koinpro.testCases.LoginTest@33c911a1]" started-at="2023-03-30T12:23:19 IST" name="setUp" finished-at="2023-03-30T12:23:20 IST" duration-ms="1117" status="PASS">
          <params>
            <param index="0">
              <value>
                <![CDATA[chrome]]>
              </value>
            </param>
          </params>
          <reporter-output>
          </reporter-output>
        </test-method> <!-- setUp -->
        <test-method signature="TC_LoginTest_003()[pri:0, instance:com.koinpro.testCases.LoginTest@33c911a1]" started-at="2023-03-30T12:23:20 IST" name="TC_LoginTest_003" finished-at="2023-03-30T12:23:25 IST" duration-ms="4706" status="PASS">
          <reporter-output>
          </reporter-output>
        </test-method> <!-- TC_LoginTest_003 -->
        <test-method is-config="true" signature="tearDown()[pri:0, instance:com.koinpro.testCases.LoginTest@33c911a1]" started-at="2023-03-30T12:23:25 IST" name="tearDown" finished-at="2023-03-30T12:23:25 IST" duration-ms="1" status="PASS">
          <reporter-output>
          </reporter-output>
        </test-method> <!-- tearDown -->
        <test-method is-config="true" signature="setUp(java.lang.String)[pri:0, instance:com.koinpro.testCases.LoginTest@33c911a1]" started-at="2023-03-30T12:23:25 IST" name="setUp" finished-at="2023-03-30T12:23:27 IST" duration-ms="2318" status="PASS">
          <params>
            <param index="0">
              <value>
                <![CDATA[chrome]]>
              </value>
            </param>
          </params>
          <reporter-output>
          </reporter-output>
        </test-method> <!-- setUp -->
        <test-method signature="TC_LoginTest_004()[pri:0, instance:com.koinpro.testCases.LoginTest@33c911a1]" started-at="2023-03-30T12:23:27 IST" name="TC_LoginTest_004" finished-at="2023-03-30T12:23:32 IST" duration-ms="4800" status="PASS">
          <reporter-output>
          </reporter-output>
        </test-method> <!-- TC_LoginTest_004 -->
        <test-method is-config="true" signature="tearDown()[pri:0, instance:com.koinpro.testCases.LoginTest@33c911a1]" started-at="2023-03-30T12:23:32 IST" name="tearDown" finished-at="2023-03-30T12:23:32 IST" duration-ms="1" status="PASS">
          <reporter-output>
          </reporter-output>
        </test-method> <!-- tearDown -->
        <test-method is-config="true" signature="setUp(java.lang.String)[pri:0, instance:com.koinpro.testCases.LoginTest@33c911a1]" started-at="2023-03-30T12:23:32 IST" name="setUp" finished-at="2023-03-30T12:23:33 IST" duration-ms="1737" status="PASS">
          <params>
            <param index="0">
              <value>
                <![CDATA[chrome]]>
              </value>
            </param>
          </params>
          <reporter-output>
          </reporter-output>
        </test-method> <!-- setUp -->
        <test-method signature="TC_LoginTest_005()[pri:0, instance:com.koinpro.testCases.LoginTest@33c911a1]" started-at="2023-03-30T12:23:33 IST" name="TC_LoginTest_005" finished-at="2023-03-30T12:23:40 IST" duration-ms="6558" status="PASS">
          <reporter-output>
          </reporter-output>
        </test-method> <!-- TC_LoginTest_005 -->
        <test-method is-config="true" signature="tearDown()[pri:0, instance:com.koinpro.testCases.LoginTest@33c911a1]" started-at="2023-03-30T12:23:40 IST" name="tearDown" finished-at="2023-03-30T12:23:40 IST" duration-ms="1" status="PASS">
          <reporter-output>
          </reporter-output>
        </test-method> <!-- tearDown -->
        <test-method is-config="true" signature="setUp(java.lang.String)[pri:0, instance:com.koinpro.testCases.LoginTest@33c911a1]" started-at="2023-03-30T12:23:40 IST" name="setUp" finished-at="2023-03-30T12:23:41 IST" duration-ms="1278" status="PASS">
          <params>
            <param index="0">
              <value>
                <![CDATA[chrome]]>
              </value>
            </param>
          </params>
          <reporter-output>
          </reporter-output>
        </test-method> <!-- setUp -->
        <test-method signature="TC_LoginTest_006()[pri:0, instance:com.koinpro.testCases.LoginTest@33c911a1]" started-at="2023-03-30T12:23:41 IST" name="TC_LoginTest_006" finished-at="2023-03-30T12:23:48 IST" duration-ms="6375" status="PASS">
          <reporter-output>
          </reporter-output>
        </test-method> <!-- TC_LoginTest_006 -->
        <test-method is-config="true" signature="tearDown()[pri:0, instance:com.koinpro.testCases.LoginTest@33c911a1]" started-at="2023-03-30T12:23:48 IST" name="tearDown" finished-at="2023-03-30T12:23:48 IST" duration-ms="0" status="PASS">
          <reporter-output>
          </reporter-output>
        </test-method> <!-- tearDown -->
        <test-method is-config="true" signature="setUp(java.lang.String)[pri:0, instance:com.koinpro.testCases.LoginTest@33c911a1]" started-at="2023-03-30T12:23:48 IST" name="setUp" finished-at="2023-03-30T12:23:50 IST" duration-ms="2746" status="PASS">
          <params>
            <param index="0">
              <value>
                <![CDATA[chrome]]>
              </value>
            </param>
          </params>
          <reporter-output>
          </reporter-output>
        </test-method> <!-- setUp -->
        <test-method signature="TC_LoginTest_007()[pri:0, instance:com.koinpro.testCases.LoginTest@33c911a1]" started-at="2023-03-30T12:23:50 IST" name="TC_LoginTest_007" finished-at="2023-03-30T12:23:57 IST" duration-ms="6736" status="PASS">
          <reporter-output>
          </reporter-output>
        </test-method> <!-- TC_LoginTest_007 -->
        <test-method is-config="true" signature="tearDown()[pri:0, instance:com.koinpro.testCases.LoginTest@33c911a1]" started-at="2023-03-30T12:23:57 IST" name="tearDown" finished-at="2023-03-30T12:23:57 IST" duration-ms="1" status="PASS">
          <reporter-output>
          </reporter-output>
        </test-method> <!-- tearDown -->
      </class> <!-- com.koinpro.testCases.LoginTest -->
    </test> <!-- ExchangeApp Test on CHROME -->
    <test started-at="2023-03-30T12:31:02 IST" name="ExchangeApp Test on edge" finished-at="2023-03-30T12:31:02 IST" duration-ms="2">
      <class name="com.koinpro.testCases.LoginTest">
        <test-method is-config="true" signature="BeforeSuite()[pri:0, instance:com.koinpro.testCases.LoginTest@33c911a1]" started-at="2023-03-30T12:23:00 IST" name="BeforeSuite" finished-at="2023-03-30T12:23:01 IST" duration-ms="790" status="PASS">
          <reporter-output>
          </reporter-output>
        </test-method> <!-- BeforeSuite -->
        <test-method is-config="true" signature="AfterSuite()[pri:0, instance:com.koinpro.testCases.LoginTest@33c911a1]" started-at="2023-03-30T12:31:02 IST" name="AfterSuite" finished-at="2023-03-30T12:31:03 IST" duration-ms="762" status="PASS">
          <reporter-output>
          </reporter-output>
        </test-method> <!-- AfterSuite -->
      </class> <!-- com.koinpro.testCases.LoginTest -->
    </test> <!-- ExchangeApp Test on edge -->
  </suite> <!-- Suite -->
</testng-results>
