<?xml version="1.0" encoding="UTF-8"?>
<testng-results ignored="0" total="1" passed="1" failed="0" skipped="0">
  <reporter-output>
  </reporter-output>
  <suite started-at="2023-05-03T12:20:21 IST" name="Suite" finished-at="2023-05-03T12:21:54 IST" duration-ms="93221">
    <groups>
    </groups>
    <test started-at="2023-05-03T12:20:21 IST" name="ExchangeApp Test on edge" finished-at="2023-05-03T12:20:21 IST" duration-ms="17">
      <class name="com.koinpro.testCases.check_Company_SupportAnd_SocialmediaLinks">
        <test-method is-config="true" signature="BeforeSuite()[pri:0, instance:com.koinpro.testCases.check_Company_SupportAnd_SocialmediaLinks@c0c2f8d]" started-at="2023-05-03T12:20:20 IST" name="BeforeSuite" finished-at="2023-05-03T12:20:21 IST" duration-ms="914" status="PASS">
          <reporter-output>
          </reporter-output>
        </test-method> <!-- BeforeSuite -->
        <test-method is-config="true" signature="AfterSuite()[pri:0, instance:com.koinpro.testCases.check_Company_SupportAnd_SocialmediaLinks@c0c2f8d]" started-at="2023-05-03T12:21:54 IST" name="AfterSuite" finished-at="2023-05-03T12:21:54 IST" duration-ms="410" status="PASS">
          <reporter-output>
          </reporter-output>
        </test-method> <!-- AfterSuite -->
      </class> <!-- com.koinpro.testCases.check_Company_SupportAnd_SocialmediaLinks -->
    </test> <!-- ExchangeApp Test on edge -->
    <test started-at="2023-05-03T12:20:21 IST" name="ExchangeApp Test on CHROME" finished-at="2023-05-03T12:21:54 IST" duration-ms="93221">
      <class name="com.koinpro.testCases.check_Company_SupportAnd_SocialmediaLinks">
        <test-method is-config="true" signature="setUp(java.lang.String)[pri:0, instance:com.koinpro.testCases.check_Company_SupportAnd_SocialmediaLinks@c0c2f8d]" started-at="2023-05-03T12:20:21 IST" name="setUp" finished-at="2023-05-03T12:20:24 IST" duration-ms="3110" status="PASS">
          <params>
            <param index="0">
              <value>
                <![CDATA[chrome]]>
              </value>
            </param>
          </params>
          <reporter-output>
          </reporter-output>
        </test-method> <!-- setUp -->
        <test-method signature="checkLinks()[pri:0, instance:com.koinpro.testCases.check_Company_SupportAnd_SocialmediaLinks@c0c2f8d]" started-at="2023-05-03T12:20:24 IST" name="checkLinks" finished-at="2023-05-03T12:21:53 IST" duration-ms="89248" status="PASS">
          <reporter-output>
          </reporter-output>
        </test-method> <!-- checkLinks -->
        <test-method is-config="true" signature="tearDown()[pri:0, instance:com.koinpro.testCases.check_Company_SupportAnd_SocialmediaLinks@c0c2f8d]" started-at="2023-05-03T12:21:53 IST" name="tearDown" finished-at="2023-05-03T12:21:54 IST" duration-ms="774" status="PASS">
          <reporter-output>
          </reporter-output>
        </test-method> <!-- tearDown -->
      </class> <!-- com.koinpro.testCases.check_Company_SupportAnd_SocialmediaLinks -->
    </test> <!-- ExchangeApp Test on CHROME -->
  </suite> <!-- Suite -->
</testng-results>
